[1.731s] DEBUG:colcon:Command line arguments: ['/usr/bin/colcon', 'build', '--packages-select', 'yathra', '--symlink-install']
[1.732s] DEBUG:colcon:Parsed command line arguments: Namespace(log_base=None, log_level=None, verb_name='build', build_base='build', install_base='install', merge_install=False, symlink_install=True, test_result_base=None, continue_on_error=False, executor='parallel', parallel_workers=8, event_handlers=None, ignore_user_meta=False, metas=['./colcon.meta'], base_paths=['.'], packages_ignore=None, packages_ignore_regex=None, paths=None, packages_up_to=None, packages_up_to_regex=None, packages_above=None, packages_above_and_dependencies=None, packages_above_depth=None, packages_select_by_dep=None, packages_skip_by_dep=None, packages_skip_up_to=None, packages_select_build_failed=False, packages_skip_build_finished=False, packages_select_test_failures=False, packages_skip_test_passed=False, packages_select=['yathra'], packages_skip=None, packages_select_regex=None, packages_skip_regex=None, packages_start=None, packages_end=None, allow_overriding=[], cmake_args=None, cmake_target=None, cmake_target_skip_unavailable=False, cmake_clean_cache=False, cmake_clean_first=False, cmake_force_configure=False, ament_cmake_args=None, catkin_cmake_args=None, catkin_skip_building_tests=False, mixin_files=None, mixin=None, verb_parser=<colcon_mixin.mixin.mixin_argument.MixinArgumentDecorator object at 0x7fc6323ac080>, verb_extension=<colcon_core.verb.build.BuildVerb object at 0x7fc632508860>, main=<bound method BuildVerb.main of <colcon_core.verb.build.BuildVerb object at 0x7fc632508860>>, mixin_verb=('build',))
[2.232s] Level 1:colcon.colcon_core.package_discovery:discover_packages(colcon_meta) check parameters
[2.233s] Level 1:colcon.colcon_core.package_discovery:discover_packages(recursive) check parameters
[2.234s] Level 1:colcon.colcon_core.package_discovery:discover_packages(ignore) check parameters
[2.234s] Level 1:colcon.colcon_core.package_discovery:discover_packages(path) check parameters
[2.234s] Level 1:colcon.colcon_core.package_discovery:discover_packages(colcon_meta) discover
[2.235s] Level 1:colcon.colcon_core.package_discovery:discover_packages(recursive) discover
[2.235s] INFO:colcon.colcon_core.package_discovery:Crawling recursively for packages in '/home/jazz/Projects/Yathra_ROS2_Control'
[2.236s] Level 1:colcon.colcon_core.package_identification:_identify(.) by extensions ['ignore', 'ignore_ament_install']
[2.237s] Level 1:colcon.colcon_core.package_identification:_identify(.) by extension 'ignore'
[2.238s] Level 1:colcon.colcon_core.package_identification:_identify(.) by extension 'ignore_ament_install'
[2.239s] Level 1:colcon.colcon_core.package_identification:_identify(.) by extensions ['colcon_pkg']
[2.239s] Level 1:colcon.colcon_core.package_identification:_identify(.) by extension 'colcon_pkg'
[2.240s] Level 1:colcon.colcon_core.package_identification:_identify(.) by extensions ['colcon_meta']
[2.240s] Level 1:colcon.colcon_core.package_identification:_identify(.) by extension 'colcon_meta'
[2.240s] Level 1:colcon.colcon_core.package_identification:_identify(.) by extensions ['ros']
[2.241s] Level 1:colcon.colcon_core.package_identification:_identify(.) by extension 'ros'
[2.508s] Level 1:colcon.colcon_core.package_identification:_identify(.) by extensions ['cmake', 'python']
[2.508s] Level 1:colcon.colcon_core.package_identification:_identify(.) by extension 'cmake'
[2.509s] Level 1:colcon.colcon_core.package_identification:_identify(.) by extension 'python'
[2.509s] Level 1:colcon.colcon_core.package_identification:_identify(.) by extensions ['python_setup_py']
[2.510s] Level 1:colcon.colcon_core.package_identification:_identify(.) by extension 'python_setup_py'
[2.511s] Level 1:colcon.colcon_core.package_identification:_identify(build) by extensions ['ignore', 'ignore_ament_install']
[2.512s] Level 1:colcon.colcon_core.package_identification:_identify(build) by extension 'ignore'
[2.513s] Level 1:colcon.colcon_core.package_identification:_identify(build) ignored
[2.514s] Level 1:colcon.colcon_core.package_identification:_identify(install) by extensions ['ignore', 'ignore_ament_install']
[2.515s] Level 1:colcon.colcon_core.package_identification:_identify(install) by extension 'ignore'
[2.516s] Level 1:colcon.colcon_core.package_identification:_identify(install) ignored
[2.516s] Level 1:colcon.colcon_core.package_identification:_identify(log) by extensions ['ignore', 'ignore_ament_install']
[2.517s] Level 1:colcon.colcon_core.package_identification:_identify(log) by extension 'ignore'
[2.518s] Level 1:colcon.colcon_core.package_identification:_identify(log) ignored
[2.519s] Level 1:colcon.colcon_core.package_identification:_identify(src) by extensions ['ignore', 'ignore_ament_install']
[2.519s] Level 1:colcon.colcon_core.package_identification:_identify(src) by extension 'ignore'
[2.520s] Level 1:colcon.colcon_core.package_identification:_identify(src) by extension 'ignore_ament_install'
[2.521s] Level 1:colcon.colcon_core.package_identification:_identify(src) by extensions ['colcon_pkg']
[2.523s] Level 1:colcon.colcon_core.package_identification:_identify(src) by extension 'colcon_pkg'
[2.524s] Level 1:colcon.colcon_core.package_identification:_identify(src) by extensions ['colcon_meta']
[2.524s] Level 1:colcon.colcon_core.package_identification:_identify(src) by extension 'colcon_meta'
[2.525s] Level 1:colcon.colcon_core.package_identification:_identify(src) by extensions ['ros']
[2.525s] Level 1:colcon.colcon_core.package_identification:_identify(src) by extension 'ros'
[2.526s] Level 1:colcon.colcon_core.package_identification:_identify(src) by extensions ['cmake', 'python']
[2.527s] Level 1:colcon.colcon_core.package_identification:_identify(src) by extension 'cmake'
[2.527s] Level 1:colcon.colcon_core.package_identification:_identify(src) by extension 'python'
[2.528s] Level 1:colcon.colcon_core.package_identification:_identify(src) by extensions ['python_setup_py']
[2.528s] Level 1:colcon.colcon_core.package_identification:_identify(src) by extension 'python_setup_py'
[2.529s] Level 1:colcon.colcon_core.package_identification:_identify(src/yathra) by extensions ['ignore', 'ignore_ament_install']
[2.530s] Level 1:colcon.colcon_core.package_identification:_identify(src/yathra) by extension 'ignore'
[2.530s] Level 1:colcon.colcon_core.package_identification:_identify(src/yathra) by extension 'ignore_ament_install'
[2.531s] Level 1:colcon.colcon_core.package_identification:_identify(src/yathra) by extensions ['colcon_pkg']
[2.531s] Level 1:colcon.colcon_core.package_identification:_identify(src/yathra) by extension 'colcon_pkg'
[2.532s] Level 1:colcon.colcon_core.package_identification:_identify(src/yathra) by extensions ['colcon_meta']
[2.532s] Level 1:colcon.colcon_core.package_identification:_identify(src/yathra) by extension 'colcon_meta'
[2.532s] Level 1:colcon.colcon_core.package_identification:_identify(src/yathra) by extensions ['ros']
[2.533s] Level 1:colcon.colcon_core.package_identification:_identify(src/yathra) by extension 'ros'
[2.555s] DEBUG:colcon.colcon_core.package_identification:Package 'src/yathra' with type 'ros.ament_cmake' and name 'yathra'
[2.555s] Level 1:colcon.colcon_core.package_discovery:discover_packages(recursive) using defaults
[2.555s] Level 1:colcon.colcon_core.package_discovery:discover_packages(ignore) discover
[2.556s] Level 1:colcon.colcon_core.package_discovery:discover_packages(ignore) using defaults
[2.556s] Level 1:colcon.colcon_core.package_discovery:discover_packages(path) discover
[2.556s] Level 1:colcon.colcon_core.package_discovery:discover_packages(path) using defaults
[2.745s] Level 1:colcon.colcon_core.package_discovery:discover_packages(prefix_path) check parameters
[2.745s] Level 1:colcon.colcon_core.package_discovery:discover_packages(prefix_path) discover
[2.760s] DEBUG:colcon.colcon_installed_package_information.package_discovery:Found 1 installed packages in /home/jazz/Projects/Yathra_ROS2_Control/install
[2.772s] DEBUG:colcon.colcon_installed_package_information.package_discovery:Found 203 installed packages in /opt/ros/jazzy
[2.778s] Level 1:colcon.colcon_core.package_discovery:discover_packages(prefix_path) using defaults
[3.180s] Level 5:colcon.colcon_core.verb:set package 'yathra' build argument 'cmake_args' from command line to 'None'
[3.181s] Level 5:colcon.colcon_core.verb:set package 'yathra' build argument 'cmake_target' from command line to 'None'
[3.181s] Level 5:colcon.colcon_core.verb:set package 'yathra' build argument 'cmake_target_skip_unavailable' from command line to 'False'
[3.181s] Level 5:colcon.colcon_core.verb:set package 'yathra' build argument 'cmake_clean_cache' from command line to 'False'
[3.182s] Level 5:colcon.colcon_core.verb:set package 'yathra' build argument 'cmake_clean_first' from command line to 'False'
[3.182s] Level 5:colcon.colcon_core.verb:set package 'yathra' build argument 'cmake_force_configure' from command line to 'False'
[3.182s] Level 5:colcon.colcon_core.verb:set package 'yathra' build argument 'ament_cmake_args' from command line to 'None'
[3.182s] Level 5:colcon.colcon_core.verb:set package 'yathra' build argument 'catkin_cmake_args' from command line to 'None'
[3.183s] Level 5:colcon.colcon_core.verb:set package 'yathra' build argument 'catkin_skip_building_tests' from command line to 'False'
[3.183s] DEBUG:colcon.colcon_core.verb:Building package 'yathra' with the following arguments: {'ament_cmake_args': None, 'build_base': '/home/jazz/Projects/Yathra_ROS2_Control/build/yathra', 'catkin_cmake_args': None, 'catkin_skip_building_tests': False, 'cmake_args': None, 'cmake_clean_cache': False, 'cmake_clean_first': False, 'cmake_force_configure': False, 'cmake_target': None, 'cmake_target_skip_unavailable': False, 'install_base': '/home/jazz/Projects/Yathra_ROS2_Control/install/yathra', 'merge_install': False, 'path': '/home/jazz/Projects/Yathra_ROS2_Control/src/yathra', 'symlink_install': True, 'test_result_base': None}
[3.184s] INFO:colcon.colcon_core.executor:Executing jobs using 'parallel' executor
[3.191s] DEBUG:colcon.colcon_parallel_executor.executor.parallel:run_until_complete
[3.193s] INFO:colcon.colcon_ros.task.ament_cmake.build:Building ROS package in '/home/jazz/Projects/Yathra_ROS2_Control/src/yathra' with build type 'ament_cmake'
[3.196s] INFO:colcon.colcon_cmake.task.cmake.build:Building CMake package in '/home/jazz/Projects/Yathra_ROS2_Control/src/yathra'
[3.225s] INFO:colcon.colcon_core.plugin_system:Skipping extension 'colcon_core.shell.bat': Not used on non-Windows systems
[3.227s] INFO:colcon.colcon_core.shell:Skip shell extension 'powershell' for command environment: Not usable outside of PowerShell
[3.228s] DEBUG:colcon.colcon_core.shell:Skip shell extension 'dsv' for command environment
[3.295s] DEBUG:colcon.colcon_core.event_handler.log_command:Invoking command in '/home/jazz/Projects/Yathra_ROS2_Control/build/yathra': CMAKE_PREFIX_PATH=${CMAKE_PREFIX_PATH}:/opt/ros/jazzy /usr/bin/cmake --build /home/jazz/Projects/Yathra_ROS2_Control/build/yathra -- -j8 -l8
[7.285s] Level 1:colcon.colcon_core.environment:create_environment_scripts_only(yathra)
[7.288s] DEBUG:colcon.colcon_core.event_handler.log_command:Invoked command in '/home/jazz/Projects/Yathra_ROS2_Control/build/yathra' returned '2': CMAKE_PREFIX_PATH=${CMAKE_PREFIX_PATH}:/opt/ros/jazzy /usr/bin/cmake --build /home/jazz/Projects/Yathra_ROS2_Control/build/yathra -- -j8 -l8
[7.309s] Level 1:colcon.colcon_core.environment:checking '/home/jazz/Projects/Yathra_ROS2_Control/install/yathra' for CMake module files
[7.314s] Level 1:colcon.colcon_core.environment:checking '/home/jazz/Projects/Yathra_ROS2_Control/install/yathra' for CMake config files
[7.316s] Level 1:colcon.colcon_core.shell:create_environment_hook('yathra', 'cmake_prefix_path')
[7.318s] INFO:colcon.colcon_core.shell:Creating environment hook '/home/jazz/Projects/Yathra_ROS2_Control/install/yathra/share/yathra/hook/cmake_prefix_path.ps1'
[7.322s] INFO:colcon.colcon_core.shell:Creating environment descriptor '/home/jazz/Projects/Yathra_ROS2_Control/install/yathra/share/yathra/hook/cmake_prefix_path.dsv'
[7.326s] INFO:colcon.colcon_core.shell:Creating environment hook '/home/jazz/Projects/Yathra_ROS2_Control/install/yathra/share/yathra/hook/cmake_prefix_path.sh'
[7.332s] Level 1:colcon.colcon_core.environment:checking '/home/jazz/Projects/Yathra_ROS2_Control/install/yathra/lib'
[7.334s] Level 1:colcon.colcon_core.environment:checking '/home/jazz/Projects/Yathra_ROS2_Control/install/yathra/bin'
[7.334s] Level 1:colcon.colcon_core.environment:checking '/home/jazz/Projects/Yathra_ROS2_Control/install/yathra/lib/pkgconfig/yathra.pc'
[7.336s] Level 1:colcon.colcon_core.environment:checking '/home/jazz/Projects/Yathra_ROS2_Control/install/yathra/lib/python3.12/site-packages'
[7.339s] Level 1:colcon.colcon_core.environment:checking '/home/jazz/Projects/Yathra_ROS2_Control/install/yathra/bin'
[7.341s] INFO:colcon.colcon_core.shell:Creating package script '/home/jazz/Projects/Yathra_ROS2_Control/install/yathra/share/yathra/package.ps1'
[7.348s] INFO:colcon.colcon_core.shell:Creating package descriptor '/home/jazz/Projects/Yathra_ROS2_Control/install/yathra/share/yathra/package.dsv'
[7.355s] INFO:colcon.colcon_core.shell:Creating package script '/home/jazz/Projects/Yathra_ROS2_Control/install/yathra/share/yathra/package.sh'
[7.363s] INFO:colcon.colcon_core.shell:Creating package script '/home/jazz/Projects/Yathra_ROS2_Control/install/yathra/share/yathra/package.bash'
[7.370s] INFO:colcon.colcon_core.shell:Creating package script '/home/jazz/Projects/Yathra_ROS2_Control/install/yathra/share/yathra/package.zsh'
[7.377s] Level 1:colcon.colcon_core.environment:create_file_with_runtime_dependencies(/home/jazz/Projects/Yathra_ROS2_Control/install/yathra/share/colcon-core/packages/yathra)
[7.390s] DEBUG:colcon.colcon_parallel_executor.executor.parallel:closing loop
[7.391s] DEBUG:colcon.colcon_parallel_executor.executor.parallel:loop closed
[7.392s] DEBUG:colcon.colcon_parallel_executor.executor.parallel:run_until_complete finished with '2'
[7.393s] DEBUG:colcon.colcon_core.event_reactor:joining thread
[7.449s] INFO:colcon.colcon_core.plugin_system:Skipping extension 'colcon_notification.desktop_notification.notify_send': Could not find 'notify-send'
[7.449s] INFO:colcon.colcon_core.plugin_system:Skipping extension 'colcon_notification.desktop_notification.terminal_notifier': Not used on non-Darwin systems
[7.450s] INFO:colcon.colcon_core.plugin_system:Skipping extension 'colcon_notification.desktop_notification.win32': Not used on non-Windows systems
[7.450s] INFO:colcon.colcon_notification.desktop_notification:Sending desktop notification using 'notify2'
[7.451s] DEBUG:colcon.colcon_notification.desktop_notification.notify2:Failed to initialize notify2: org.freedesktop.DBus.Error.FileNotFound: Failed to connect to socket /run/user/0/bus: No such file or directory
[7.452s] DEBUG:colcon.colcon_core.event_reactor:joined thread
[7.454s] INFO:colcon.colcon_core.shell:Creating prefix script '/home/jazz/Projects/Yathra_ROS2_Control/install/local_setup.ps1'
[7.460s] INFO:colcon.colcon_core.shell:Creating prefix util module '/home/jazz/Projects/Yathra_ROS2_Control/install/_local_setup_util_ps1.py'
[7.473s] INFO:colcon.colcon_core.shell:Creating prefix chain script '/home/jazz/Projects/Yathra_ROS2_Control/install/setup.ps1'
[7.482s] INFO:colcon.colcon_core.shell:Creating prefix script '/home/jazz/Projects/Yathra_ROS2_Control/install/local_setup.sh'
[7.491s] INFO:colcon.colcon_core.shell:Creating prefix util module '/home/jazz/Projects/Yathra_ROS2_Control/install/_local_setup_util_sh.py'
[7.498s] INFO:colcon.colcon_core.shell:Creating prefix chain script '/home/jazz/Projects/Yathra_ROS2_Control/install/setup.sh'
[7.507s] INFO:colcon.colcon_core.shell:Creating prefix script '/home/jazz/Projects/Yathra_ROS2_Control/install/local_setup.bash'
[7.511s] INFO:colcon.colcon_core.shell:Creating prefix chain script '/home/jazz/Projects/Yathra_ROS2_Control/install/setup.bash'
[7.519s] INFO:colcon.colcon_core.shell:Creating prefix script '/home/jazz/Projects/Yathra_ROS2_Control/install/local_setup.zsh'
[7.525s] INFO:colcon.colcon_core.shell:Creating prefix chain script '/home/jazz/Projects/Yathra_ROS2_Control/install/setup.zsh'
