[0.037s] Invoking command in '/home/jazz/Projects/Yathra_ROS2_Control/build/yathra': CMAKE_PREFIX_PATH=${CMAKE_PREFIX_PATH}:/opt/ros/jazzy /usr/bin/cmake --build /home/jazz/Projects/Yathra_ROS2_Control/build/yathra -- -j8 -l8
[0.247s] [ 50%] Built target yathra_serial
[0.278s] [100%] Built target dummy_depth
[0.339s] Invoked command in '/home/jazz/Projects/Yathra_ROS2_Control/build/yathra' returned '0': CMAKE_PREFIX_PATH=${CMAKE_PREFIX_PATH}:/opt/ros/jazzy /usr/bin/cmake --build /home/jazz/Projects/Yathra_ROS2_Control/build/yathra -- -j8 -l8
[0.393s] Invoking command in '/home/jazz/Projects/Yathra_ROS2_Control/build/yathra': CMAKE_PREFIX_PATH=${CMAKE_PREFIX_PATH}:/opt/ros/jazzy /usr/bin/cmake --install /home/jazz/Projects/Yathra_ROS2_Control/build/yathra
[0.435s] -- Install configuration: ""
[0.439s] -- Execute custom install script
[0.441s] -- Up-to-date symlink: /home/jazz/Projects/Yathra_ROS2_Control/install/yathra/lib/yathra/dummy_depth
[0.444s] -- Up-to-date symlink: /home/jazz/Projects/Yathra_ROS2_Control/install/yathra/lib/yathra/yathra_serial
[0.446s] -- Up-to-date symlink: /home/jazz/Projects/Yathra_ROS2_Control/install/yathra/share/ament_index/resource_index/package_run_dependencies/yathra
[0.448s] -- Up-to-date symlink: /home/jazz/Projects/Yathra_ROS2_Control/install/yathra/share/ament_index/resource_index/parent_prefix_path/yathra
[0.450s] -- Up-to-date symlink: /home/jazz/Projects/Yathra_ROS2_Control/install/yathra/share/yathra/environment/ament_prefix_path.sh
[0.452s] -- Up-to-date symlink: /home/jazz/Projects/Yathra_ROS2_Control/install/yathra/share/yathra/environment/ament_prefix_path.dsv
[0.454s] -- Up-to-date symlink: /home/jazz/Projects/Yathra_ROS2_Control/install/yathra/share/yathra/environment/path.sh
[0.456s] -- Up-to-date symlink: /home/jazz/Projects/Yathra_ROS2_Control/install/yathra/share/yathra/environment/path.dsv
[0.457s] -- Up-to-date symlink: /home/jazz/Projects/Yathra_ROS2_Control/install/yathra/share/yathra/local_setup.bash
[0.459s] -- Up-to-date symlink: /home/jazz/Projects/Yathra_ROS2_Control/install/yathra/share/yathra/local_setup.sh
[0.460s] -- Up-to-date symlink: /home/jazz/Projects/Yathra_ROS2_Control/install/yathra/share/yathra/local_setup.zsh
[0.462s] -- Up-to-date symlink: /home/jazz/Projects/Yathra_ROS2_Control/install/yathra/share/yathra/local_setup.dsv
[0.464s] -- Symlinking: /home/jazz/Projects/Yathra_ROS2_Control/install/yathra/share/yathra/package.dsv
[0.522s] -- Up-to-date symlink: /home/jazz/Projects/Yathra_ROS2_Control/install/yathra/share/ament_index/resource_index/packages/yathra
[0.524s] -- Up-to-date symlink: /home/jazz/Projects/Yathra_ROS2_Control/install/yathra/share/yathra/cmake/yathraConfig.cmake
[0.525s] -- Up-to-date symlink: /home/jazz/Projects/Yathra_ROS2_Control/install/yathra/share/yathra/cmake/yathraConfig-version.cmake
[0.526s] -- Up-to-date symlink: /home/jazz/Projects/Yathra_ROS2_Control/install/yathra/share/yathra/package.xml
[0.538s] Invoked command in '/home/jazz/Projects/Yathra_ROS2_Control/build/yathra' returned '0': CMAKE_PREFIX_PATH=${CMAKE_PREFIX_PATH}:/opt/ros/jazzy /usr/bin/cmake --install /home/jazz/Projects/Yathra_ROS2_Control/build/yathra
