[1.300s] DEBUG:colcon:Command line arguments: ['/usr/bin/colcon', 'build', '--packages-select', 'yathra', '--symlink-install']
[1.300s] DEBUG:colcon:Parsed command line arguments: Namespace(log_base=None, log_level=None, verb_name='build', build_base='build', install_base='install', merge_install=False, symlink_install=True, test_result_base=None, continue_on_error=False, executor='parallel', parallel_workers=8, event_handlers=None, ignore_user_meta=False, metas=['./colcon.meta'], base_paths=['.'], packages_ignore=None, packages_ignore_regex=None, paths=None, packages_up_to=None, packages_up_to_regex=None, packages_above=None, packages_above_and_dependencies=None, packages_above_depth=None, packages_select_by_dep=None, packages_skip_by_dep=None, packages_skip_up_to=None, packages_select_build_failed=False, packages_skip_build_finished=False, packages_select_test_failures=False, packages_skip_test_passed=False, packages_select=['yathra'], packages_skip=None, packages_select_regex=None, packages_skip_regex=None, packages_start=None, packages_end=None, allow_overriding=[], cmake_args=None, cmake_target=None, cmake_target_skip_unavailable=False, cmake_clean_cache=False, cmake_clean_first=False, cmake_force_configure=False, ament_cmake_args=None, catkin_cmake_args=None, catkin_skip_building_tests=False, mixin_files=None, mixin=None, verb_parser=<colcon_mixin.mixin.mixin_argument.MixinArgumentDecorator object at 0x7fc1c72501d0>, verb_extension=<colcon_core.verb.build.BuildVerb object at 0x7fc1c73cc950>, main=<bound method BuildVerb.main of <colcon_core.verb.build.BuildVerb object at 0x7fc1c73cc950>>, mixin_verb=('build',))
[1.765s] Level 1:colcon.colcon_core.package_discovery:discover_packages(colcon_meta) check parameters
[1.766s] Level 1:colcon.colcon_core.package_discovery:discover_packages(recursive) check parameters
[1.766s] Level 1:colcon.colcon_core.package_discovery:discover_packages(ignore) check parameters
[1.766s] Level 1:colcon.colcon_core.package_discovery:discover_packages(path) check parameters
[1.767s] Level 1:colcon.colcon_core.package_discovery:discover_packages(colcon_meta) discover
[1.767s] Level 1:colcon.colcon_core.package_discovery:discover_packages(recursive) discover
[1.767s] INFO:colcon.colcon_core.package_discovery:Crawling recursively for packages in '/home/jazz/Projects/Yathra_ROS2_Control'
[1.768s] Level 1:colcon.colcon_core.package_identification:_identify(.) by extensions ['ignore', 'ignore_ament_install']
[1.769s] Level 1:colcon.colcon_core.package_identification:_identify(.) by extension 'ignore'
[1.769s] Level 1:colcon.colcon_core.package_identification:_identify(.) by extension 'ignore_ament_install'
[1.770s] Level 1:colcon.colcon_core.package_identification:_identify(.) by extensions ['colcon_pkg']
[1.770s] Level 1:colcon.colcon_core.package_identification:_identify(.) by extension 'colcon_pkg'
[1.770s] Level 1:colcon.colcon_core.package_identification:_identify(.) by extensions ['colcon_meta']
[1.770s] Level 1:colcon.colcon_core.package_identification:_identify(.) by extension 'colcon_meta'
[1.771s] Level 1:colcon.colcon_core.package_identification:_identify(.) by extensions ['ros']
[1.771s] Level 1:colcon.colcon_core.package_identification:_identify(.) by extension 'ros'
[2.031s] Level 1:colcon.colcon_core.package_identification:_identify(.) by extensions ['cmake', 'python']
[2.031s] Level 1:colcon.colcon_core.package_identification:_identify(.) by extension 'cmake'
[2.032s] Level 1:colcon.colcon_core.package_identification:_identify(.) by extension 'python'
[2.032s] Level 1:colcon.colcon_core.package_identification:_identify(.) by extensions ['python_setup_py']
[2.032s] Level 1:colcon.colcon_core.package_identification:_identify(.) by extension 'python_setup_py'
[2.033s] Level 1:colcon.colcon_core.package_identification:_identify(build) by extensions ['ignore', 'ignore_ament_install']
[2.034s] Level 1:colcon.colcon_core.package_identification:_identify(build) by extension 'ignore'
[2.035s] Level 1:colcon.colcon_core.package_identification:_identify(build) ignored
[2.035s] Level 1:colcon.colcon_core.package_identification:_identify(install) by extensions ['ignore', 'ignore_ament_install']
[2.036s] Level 1:colcon.colcon_core.package_identification:_identify(install) by extension 'ignore'
[2.036s] Level 1:colcon.colcon_core.package_identification:_identify(install) ignored
[2.037s] Level 1:colcon.colcon_core.package_identification:_identify(log) by extensions ['ignore', 'ignore_ament_install']
[2.038s] Level 1:colcon.colcon_core.package_identification:_identify(log) by extension 'ignore'
[2.038s] Level 1:colcon.colcon_core.package_identification:_identify(log) ignored
[2.039s] Level 1:colcon.colcon_core.package_identification:_identify(src) by extensions ['ignore', 'ignore_ament_install']
[2.039s] Level 1:colcon.colcon_core.package_identification:_identify(src) by extension 'ignore'
[2.040s] Level 1:colcon.colcon_core.package_identification:_identify(src) by extension 'ignore_ament_install'
[2.040s] Level 1:colcon.colcon_core.package_identification:_identify(src) by extensions ['colcon_pkg']
[2.040s] Level 1:colcon.colcon_core.package_identification:_identify(src) by extension 'colcon_pkg'
[2.041s] Level 1:colcon.colcon_core.package_identification:_identify(src) by extensions ['colcon_meta']
[2.041s] Level 1:colcon.colcon_core.package_identification:_identify(src) by extension 'colcon_meta'
[2.041s] Level 1:colcon.colcon_core.package_identification:_identify(src) by extensions ['ros']
[2.041s] Level 1:colcon.colcon_core.package_identification:_identify(src) by extension 'ros'
[2.042s] Level 1:colcon.colcon_core.package_identification:_identify(src) by extensions ['cmake', 'python']
[2.042s] Level 1:colcon.colcon_core.package_identification:_identify(src) by extension 'cmake'
[2.043s] Level 1:colcon.colcon_core.package_identification:_identify(src) by extension 'python'
[2.043s] Level 1:colcon.colcon_core.package_identification:_identify(src) by extensions ['python_setup_py']
[2.043s] Level 1:colcon.colcon_core.package_identification:_identify(src) by extension 'python_setup_py'
[2.044s] Level 1:colcon.colcon_core.package_identification:_identify(src/yathra) by extensions ['ignore', 'ignore_ament_install']
[2.044s] Level 1:colcon.colcon_core.package_identification:_identify(src/yathra) by extension 'ignore'
[2.045s] Level 1:colcon.colcon_core.package_identification:_identify(src/yathra) by extension 'ignore_ament_install'
[2.045s] Level 1:colcon.colcon_core.package_identification:_identify(src/yathra) by extensions ['colcon_pkg']
[2.045s] Level 1:colcon.colcon_core.package_identification:_identify(src/yathra) by extension 'colcon_pkg'
[2.046s] Level 1:colcon.colcon_core.package_identification:_identify(src/yathra) by extensions ['colcon_meta']
[2.046s] Level 1:colcon.colcon_core.package_identification:_identify(src/yathra) by extension 'colcon_meta'
[2.046s] Level 1:colcon.colcon_core.package_identification:_identify(src/yathra) by extensions ['ros']
[2.046s] Level 1:colcon.colcon_core.package_identification:_identify(src/yathra) by extension 'ros'
[2.066s] DEBUG:colcon.colcon_core.package_identification:Package 'src/yathra' with type 'ros.ament_cmake' and name 'yathra'
[2.067s] Level 1:colcon.colcon_core.package_discovery:discover_packages(recursive) using defaults
[2.067s] Level 1:colcon.colcon_core.package_discovery:discover_packages(ignore) discover
[2.067s] Level 1:colcon.colcon_core.package_discovery:discover_packages(ignore) using defaults
[2.067s] Level 1:colcon.colcon_core.package_discovery:discover_packages(path) discover
[2.068s] Level 1:colcon.colcon_core.package_discovery:discover_packages(path) using defaults
[2.233s] Level 1:colcon.colcon_core.package_discovery:discover_packages(prefix_path) check parameters
[2.233s] Level 1:colcon.colcon_core.package_discovery:discover_packages(prefix_path) discover
[2.249s] DEBUG:colcon.colcon_installed_package_information.package_discovery:Found 1 installed packages in /home/jazz/Projects/Yathra_ROS2_Control/install
[2.259s] DEBUG:colcon.colcon_installed_package_information.package_discovery:Found 203 installed packages in /opt/ros/jazzy
[2.264s] Level 1:colcon.colcon_core.package_discovery:discover_packages(prefix_path) using defaults
[2.584s] Level 5:colcon.colcon_core.verb:set package 'yathra' build argument 'cmake_args' from command line to 'None'
[2.584s] Level 5:colcon.colcon_core.verb:set package 'yathra' build argument 'cmake_target' from command line to 'None'
[2.585s] Level 5:colcon.colcon_core.verb:set package 'yathra' build argument 'cmake_target_skip_unavailable' from command line to 'False'
[2.585s] Level 5:colcon.colcon_core.verb:set package 'yathra' build argument 'cmake_clean_cache' from command line to 'False'
[2.585s] Level 5:colcon.colcon_core.verb:set package 'yathra' build argument 'cmake_clean_first' from command line to 'False'
[2.585s] Level 5:colcon.colcon_core.verb:set package 'yathra' build argument 'cmake_force_configure' from command line to 'False'
[2.585s] Level 5:colcon.colcon_core.verb:set package 'yathra' build argument 'ament_cmake_args' from command line to 'None'
[2.585s] Level 5:colcon.colcon_core.verb:set package 'yathra' build argument 'catkin_cmake_args' from command line to 'None'
[2.586s] Level 5:colcon.colcon_core.verb:set package 'yathra' build argument 'catkin_skip_building_tests' from command line to 'False'
[2.586s] DEBUG:colcon.colcon_core.verb:Building package 'yathra' with the following arguments: {'ament_cmake_args': None, 'build_base': '/home/jazz/Projects/Yathra_ROS2_Control/build/yathra', 'catkin_cmake_args': None, 'catkin_skip_building_tests': False, 'cmake_args': None, 'cmake_clean_cache': False, 'cmake_clean_first': False, 'cmake_force_configure': False, 'cmake_target': None, 'cmake_target_skip_unavailable': False, 'install_base': '/home/jazz/Projects/Yathra_ROS2_Control/install/yathra', 'merge_install': False, 'path': '/home/jazz/Projects/Yathra_ROS2_Control/src/yathra', 'symlink_install': True, 'test_result_base': None}
[2.587s] INFO:colcon.colcon_core.executor:Executing jobs using 'parallel' executor
[2.591s] DEBUG:colcon.colcon_parallel_executor.executor.parallel:run_until_complete
[2.592s] INFO:colcon.colcon_ros.task.ament_cmake.build:Building ROS package in '/home/jazz/Projects/Yathra_ROS2_Control/src/yathra' with build type 'ament_cmake'
[2.593s] INFO:colcon.colcon_cmake.task.cmake.build:Building CMake package in '/home/jazz/Projects/Yathra_ROS2_Control/src/yathra'
[2.618s] INFO:colcon.colcon_core.plugin_system:Skipping extension 'colcon_core.shell.bat': Not used on non-Windows systems
[2.620s] INFO:colcon.colcon_core.shell:Skip shell extension 'powershell' for command environment: Not usable outside of PowerShell
[2.620s] DEBUG:colcon.colcon_core.shell:Skip shell extension 'dsv' for command environment
[2.674s] DEBUG:colcon.colcon_core.event_handler.log_command:Invoking command in '/home/jazz/Projects/Yathra_ROS2_Control/build/yathra': CMAKE_PREFIX_PATH=${CMAKE_PREFIX_PATH}:/opt/ros/jazzy /usr/bin/cmake --build /home/jazz/Projects/Yathra_ROS2_Control/build/yathra -- -j8 -l8
[41.809s] DEBUG:colcon.colcon_core.event_handler.log_command:Invoked command in '/home/jazz/Projects/Yathra_ROS2_Control/build/yathra' returned '0': CMAKE_PREFIX_PATH=${CMAKE_PREFIX_PATH}:/opt/ros/jazzy /usr/bin/cmake --build /home/jazz/Projects/Yathra_ROS2_Control/build/yathra -- -j8 -l8
[41.874s] DEBUG:colcon.colcon_core.event_handler.log_command:Invoking command in '/home/jazz/Projects/Yathra_ROS2_Control/build/yathra': CMAKE_PREFIX_PATH=${CMAKE_PREFIX_PATH}:/opt/ros/jazzy /usr/bin/cmake --install /home/jazz/Projects/Yathra_ROS2_Control/build/yathra
[42.020s] Level 1:colcon.colcon_core.environment:create_environment_scripts_only(yathra)
[42.024s] DEBUG:colcon.colcon_core.event_handler.log_command:Invoked command in '/home/jazz/Projects/Yathra_ROS2_Control/build/yathra' returned '0': CMAKE_PREFIX_PATH=${CMAKE_PREFIX_PATH}:/opt/ros/jazzy /usr/bin/cmake --install /home/jazz/Projects/Yathra_ROS2_Control/build/yathra
[42.041s] Level 1:colcon.colcon_core.environment:checking '/home/jazz/Projects/Yathra_ROS2_Control/install/yathra' for CMake module files
[42.046s] Level 1:colcon.colcon_core.environment:checking '/home/jazz/Projects/Yathra_ROS2_Control/install/yathra' for CMake config files
[42.049s] Level 1:colcon.colcon_core.shell:create_environment_hook('yathra', 'cmake_prefix_path')
[42.051s] INFO:colcon.colcon_core.shell:Creating environment hook '/home/jazz/Projects/Yathra_ROS2_Control/install/yathra/share/yathra/hook/cmake_prefix_path.ps1'
[42.056s] INFO:colcon.colcon_core.shell:Creating environment descriptor '/home/jazz/Projects/Yathra_ROS2_Control/install/yathra/share/yathra/hook/cmake_prefix_path.dsv'
[42.058s] INFO:colcon.colcon_core.shell:Creating environment hook '/home/jazz/Projects/Yathra_ROS2_Control/install/yathra/share/yathra/hook/cmake_prefix_path.sh'
[42.064s] Level 1:colcon.colcon_core.environment:checking '/home/jazz/Projects/Yathra_ROS2_Control/install/yathra/lib'
[42.066s] Level 1:colcon.colcon_core.environment:checking '/home/jazz/Projects/Yathra_ROS2_Control/install/yathra/bin'
[42.067s] Level 1:colcon.colcon_core.environment:checking '/home/jazz/Projects/Yathra_ROS2_Control/install/yathra/lib/pkgconfig/yathra.pc'
[42.069s] Level 1:colcon.colcon_core.environment:checking '/home/jazz/Projects/Yathra_ROS2_Control/install/yathra/lib/python3.12/site-packages'
[42.072s] Level 1:colcon.colcon_core.environment:checking '/home/jazz/Projects/Yathra_ROS2_Control/install/yathra/bin'
[42.074s] INFO:colcon.colcon_core.shell:Creating package script '/home/jazz/Projects/Yathra_ROS2_Control/install/yathra/share/yathra/package.ps1'
[42.081s] INFO:colcon.colcon_core.shell:Creating package descriptor '/home/jazz/Projects/Yathra_ROS2_Control/install/yathra/share/yathra/package.dsv'
[42.086s] INFO:colcon.colcon_core.shell:Creating package script '/home/jazz/Projects/Yathra_ROS2_Control/install/yathra/share/yathra/package.sh'
[42.091s] INFO:colcon.colcon_core.shell:Creating package script '/home/jazz/Projects/Yathra_ROS2_Control/install/yathra/share/yathra/package.bash'
[42.097s] INFO:colcon.colcon_core.shell:Creating package script '/home/jazz/Projects/Yathra_ROS2_Control/install/yathra/share/yathra/package.zsh'
[42.102s] Level 1:colcon.colcon_core.environment:create_file_with_runtime_dependencies(/home/jazz/Projects/Yathra_ROS2_Control/install/yathra/share/colcon-core/packages/yathra)
[42.106s] Level 1:colcon.colcon_core.environment:create_environment_scripts_only(yathra)
[42.107s] Level 1:colcon.colcon_core.environment:checking '/home/jazz/Projects/Yathra_ROS2_Control/install/yathra' for CMake module files
[42.113s] Level 1:colcon.colcon_core.environment:checking '/home/jazz/Projects/Yathra_ROS2_Control/install/yathra' for CMake config files
[42.116s] Level 1:colcon.colcon_core.shell:create_environment_hook('yathra', 'cmake_prefix_path')
[42.118s] INFO:colcon.colcon_core.shell:Creating environment hook '/home/jazz/Projects/Yathra_ROS2_Control/install/yathra/share/yathra/hook/cmake_prefix_path.ps1'
[42.121s] INFO:colcon.colcon_core.shell:Creating environment descriptor '/home/jazz/Projects/Yathra_ROS2_Control/install/yathra/share/yathra/hook/cmake_prefix_path.dsv'
[42.124s] INFO:colcon.colcon_core.shell:Creating environment hook '/home/jazz/Projects/Yathra_ROS2_Control/install/yathra/share/yathra/hook/cmake_prefix_path.sh'
[42.129s] Level 1:colcon.colcon_core.environment:checking '/home/jazz/Projects/Yathra_ROS2_Control/install/yathra/lib'
[42.129s] Level 1:colcon.colcon_core.environment:checking '/home/jazz/Projects/Yathra_ROS2_Control/install/yathra/bin'
[42.130s] Level 1:colcon.colcon_core.environment:checking '/home/jazz/Projects/Yathra_ROS2_Control/install/yathra/lib/pkgconfig/yathra.pc'
[42.131s] Level 1:colcon.colcon_core.environment:checking '/home/jazz/Projects/Yathra_ROS2_Control/install/yathra/lib/python3.12/site-packages'
[42.134s] Level 1:colcon.colcon_core.environment:checking '/home/jazz/Projects/Yathra_ROS2_Control/install/yathra/bin'
[42.135s] INFO:colcon.colcon_core.shell:Creating package script '/home/jazz/Projects/Yathra_ROS2_Control/install/yathra/share/yathra/package.ps1'
[42.139s] INFO:colcon.colcon_core.shell:Creating package descriptor '/home/jazz/Projects/Yathra_ROS2_Control/install/yathra/share/yathra/package.dsv'
[42.142s] INFO:colcon.colcon_core.shell:Creating package script '/home/jazz/Projects/Yathra_ROS2_Control/install/yathra/share/yathra/package.sh'
[42.145s] INFO:colcon.colcon_core.shell:Creating package script '/home/jazz/Projects/Yathra_ROS2_Control/install/yathra/share/yathra/package.bash'
[42.148s] INFO:colcon.colcon_core.shell:Creating package script '/home/jazz/Projects/Yathra_ROS2_Control/install/yathra/share/yathra/package.zsh'
[42.151s] Level 1:colcon.colcon_core.environment:create_file_with_runtime_dependencies(/home/jazz/Projects/Yathra_ROS2_Control/install/yathra/share/colcon-core/packages/yathra)
[42.153s] DEBUG:colcon.colcon_parallel_executor.executor.parallel:closing loop
[42.156s] DEBUG:colcon.colcon_parallel_executor.executor.parallel:loop closed
[42.156s] DEBUG:colcon.colcon_parallel_executor.executor.parallel:run_until_complete finished with '0'
[42.159s] DEBUG:colcon.colcon_core.event_reactor:joining thread
[42.223s] INFO:colcon.colcon_core.plugin_system:Skipping extension 'colcon_notification.desktop_notification.notify_send': Could not find 'notify-send'
[42.224s] INFO:colcon.colcon_core.plugin_system:Skipping extension 'colcon_notification.desktop_notification.terminal_notifier': Not used on non-Darwin systems
[42.225s] INFO:colcon.colcon_core.plugin_system:Skipping extension 'colcon_notification.desktop_notification.win32': Not used on non-Windows systems
[42.225s] INFO:colcon.colcon_notification.desktop_notification:Sending desktop notification using 'notify2'
[42.226s] DEBUG:colcon.colcon_notification.desktop_notification.notify2:Failed to initialize notify2: org.freedesktop.DBus.Error.FileNotFound: Failed to connect to socket /run/user/0/bus: No such file or directory
[42.227s] DEBUG:colcon.colcon_core.event_reactor:joined thread
[42.228s] INFO:colcon.colcon_core.shell:Creating prefix script '/home/jazz/Projects/Yathra_ROS2_Control/install/local_setup.ps1'
[42.234s] INFO:colcon.colcon_core.shell:Creating prefix util module '/home/jazz/Projects/Yathra_ROS2_Control/install/_local_setup_util_ps1.py'
[42.244s] INFO:colcon.colcon_core.shell:Creating prefix chain script '/home/jazz/Projects/Yathra_ROS2_Control/install/setup.ps1'
[42.251s] INFO:colcon.colcon_core.shell:Creating prefix script '/home/jazz/Projects/Yathra_ROS2_Control/install/local_setup.sh'
[42.258s] INFO:colcon.colcon_core.shell:Creating prefix util module '/home/jazz/Projects/Yathra_ROS2_Control/install/_local_setup_util_sh.py'
[42.263s] INFO:colcon.colcon_core.shell:Creating prefix chain script '/home/jazz/Projects/Yathra_ROS2_Control/install/setup.sh'
[42.269s] INFO:colcon.colcon_core.shell:Creating prefix script '/home/jazz/Projects/Yathra_ROS2_Control/install/local_setup.bash'
[42.273s] INFO:colcon.colcon_core.shell:Creating prefix chain script '/home/jazz/Projects/Yathra_ROS2_Control/install/setup.bash'
[42.279s] INFO:colcon.colcon_core.shell:Creating prefix script '/home/jazz/Projects/Yathra_ROS2_Control/install/local_setup.zsh'
[42.284s] INFO:colcon.colcon_core.shell:Creating prefix chain script '/home/jazz/Projects/Yathra_ROS2_Control/install/setup.zsh'
