[0.796s] DEBUG:colcon:Command line arguments: ['/usr/bin/colcon', 'build', '--packages-select', 'yathra', '--symlink-install']
[0.796s] DEBUG:colcon:Parsed command line arguments: Namespace(log_base=None, log_level=None, verb_name='build', build_base='build', install_base='install', merge_install=False, symlink_install=True, test_result_base=None, continue_on_error=False, executor='parallel', parallel_workers=8, event_handlers=None, ignore_user_meta=False, metas=['./colcon.meta'], base_paths=['.'], packages_ignore=None, packages_ignore_regex=None, paths=None, packages_up_to=None, packages_up_to_regex=None, packages_above=None, packages_above_and_dependencies=None, packages_above_depth=None, packages_select_by_dep=None, packages_skip_by_dep=None, packages_skip_up_to=None, packages_select_build_failed=False, packages_skip_build_finished=False, packages_select_test_failures=False, packages_skip_test_passed=False, packages_select=['yathra'], packages_skip=None, packages_select_regex=None, packages_skip_regex=None, packages_start=None, packages_end=None, allow_overriding=[], cmake_args=None, cmake_target=None, cmake_target_skip_unavailable=False, cmake_clean_cache=False, cmake_clean_first=False, cmake_force_configure=False, ament_cmake_args=None, catkin_cmake_args=None, catkin_skip_building_tests=False, mixin_files=None, mixin=None, verb_parser=<colcon_mixin.mixin.mixin_argument.MixinArgumentDecorator object at 0x7f7b49683f80>, verb_extension=<colcon_core.verb.build.BuildVerb object at 0x7f7b498086e0>, main=<bound method BuildVerb.main of <colcon_core.verb.build.BuildVerb object at 0x7f7b498086e0>>, mixin_verb=('build',))
[1.025s] Level 1:colcon.colcon_core.package_discovery:discover_packages(colcon_meta) check parameters
[1.025s] Level 1:colcon.colcon_core.package_discovery:discover_packages(recursive) check parameters
[1.026s] Level 1:colcon.colcon_core.package_discovery:discover_packages(ignore) check parameters
[1.026s] Level 1:colcon.colcon_core.package_discovery:discover_packages(path) check parameters
[1.026s] Level 1:colcon.colcon_core.package_discovery:discover_packages(colcon_meta) discover
[1.026s] Level 1:colcon.colcon_core.package_discovery:discover_packages(recursive) discover
[1.026s] INFO:colcon.colcon_core.package_discovery:Crawling recursively for packages in '/home/jazz/Projects/Yathra_ROS2_Control'
[1.027s] Level 1:colcon.colcon_core.package_identification:_identify(.) by extensions ['ignore', 'ignore_ament_install']
[1.027s] Level 1:colcon.colcon_core.package_identification:_identify(.) by extension 'ignore'
[1.028s] Level 1:colcon.colcon_core.package_identification:_identify(.) by extension 'ignore_ament_install'
[1.028s] Level 1:colcon.colcon_core.package_identification:_identify(.) by extensions ['colcon_pkg']
[1.028s] Level 1:colcon.colcon_core.package_identification:_identify(.) by extension 'colcon_pkg'
[1.029s] Level 1:colcon.colcon_core.package_identification:_identify(.) by extensions ['colcon_meta']
[1.029s] Level 1:colcon.colcon_core.package_identification:_identify(.) by extension 'colcon_meta'
[1.029s] Level 1:colcon.colcon_core.package_identification:_identify(.) by extensions ['ros']
[1.029s] Level 1:colcon.colcon_core.package_identification:_identify(.) by extension 'ros'
[1.199s] Level 1:colcon.colcon_core.package_identification:_identify(.) by extensions ['cmake', 'python']
[1.199s] Level 1:colcon.colcon_core.package_identification:_identify(.) by extension 'cmake'
[1.200s] Level 1:colcon.colcon_core.package_identification:_identify(.) by extension 'python'
[1.200s] Level 1:colcon.colcon_core.package_identification:_identify(.) by extensions ['python_setup_py']
[1.200s] Level 1:colcon.colcon_core.package_identification:_identify(.) by extension 'python_setup_py'
[1.201s] Level 1:colcon.colcon_core.package_identification:_identify(build) by extensions ['ignore', 'ignore_ament_install']
[1.202s] Level 1:colcon.colcon_core.package_identification:_identify(build) by extension 'ignore'
[1.202s] Level 1:colcon.colcon_core.package_identification:_identify(build) ignored
[1.203s] Level 1:colcon.colcon_core.package_identification:_identify(install) by extensions ['ignore', 'ignore_ament_install']
[1.204s] Level 1:colcon.colcon_core.package_identification:_identify(install) by extension 'ignore'
[1.204s] Level 1:colcon.colcon_core.package_identification:_identify(install) ignored
[1.205s] Level 1:colcon.colcon_core.package_identification:_identify(log) by extensions ['ignore', 'ignore_ament_install']
[1.205s] Level 1:colcon.colcon_core.package_identification:_identify(log) by extension 'ignore'
[1.206s] Level 1:colcon.colcon_core.package_identification:_identify(log) ignored
[1.206s] Level 1:colcon.colcon_core.package_identification:_identify(src) by extensions ['ignore', 'ignore_ament_install']
[1.207s] Level 1:colcon.colcon_core.package_identification:_identify(src) by extension 'ignore'
[1.207s] Level 1:colcon.colcon_core.package_identification:_identify(src) by extension 'ignore_ament_install'
[1.207s] Level 1:colcon.colcon_core.package_identification:_identify(src) by extensions ['colcon_pkg']
[1.208s] Level 1:colcon.colcon_core.package_identification:_identify(src) by extension 'colcon_pkg'
[1.208s] Level 1:colcon.colcon_core.package_identification:_identify(src) by extensions ['colcon_meta']
[1.208s] Level 1:colcon.colcon_core.package_identification:_identify(src) by extension 'colcon_meta'
[1.208s] Level 1:colcon.colcon_core.package_identification:_identify(src) by extensions ['ros']
[1.209s] Level 1:colcon.colcon_core.package_identification:_identify(src) by extension 'ros'
[1.209s] Level 1:colcon.colcon_core.package_identification:_identify(src) by extensions ['cmake', 'python']
[1.210s] Level 1:colcon.colcon_core.package_identification:_identify(src) by extension 'cmake'
[1.210s] Level 1:colcon.colcon_core.package_identification:_identify(src) by extension 'python'
[1.210s] Level 1:colcon.colcon_core.package_identification:_identify(src) by extensions ['python_setup_py']
[1.211s] Level 1:colcon.colcon_core.package_identification:_identify(src) by extension 'python_setup_py'
[1.211s] Level 1:colcon.colcon_core.package_identification:_identify(src/yathra) by extensions ['ignore', 'ignore_ament_install']
[1.212s] Level 1:colcon.colcon_core.package_identification:_identify(src/yathra) by extension 'ignore'
[1.212s] Level 1:colcon.colcon_core.package_identification:_identify(src/yathra) by extension 'ignore_ament_install'
[1.213s] Level 1:colcon.colcon_core.package_identification:_identify(src/yathra) by extensions ['colcon_pkg']
[1.213s] Level 1:colcon.colcon_core.package_identification:_identify(src/yathra) by extension 'colcon_pkg'
[1.213s] Level 1:colcon.colcon_core.package_identification:_identify(src/yathra) by extensions ['colcon_meta']
[1.213s] Level 1:colcon.colcon_core.package_identification:_identify(src/yathra) by extension 'colcon_meta'
[1.214s] Level 1:colcon.colcon_core.package_identification:_identify(src/yathra) by extensions ['ros']
[1.214s] Level 1:colcon.colcon_core.package_identification:_identify(src/yathra) by extension 'ros'
[1.231s] DEBUG:colcon.colcon_core.package_identification:Package 'src/yathra' with type 'ros.ament_cmake' and name 'yathra'
[1.232s] Level 1:colcon.colcon_core.package_discovery:discover_packages(recursive) using defaults
[1.232s] Level 1:colcon.colcon_core.package_discovery:discover_packages(ignore) discover
[1.232s] Level 1:colcon.colcon_core.package_discovery:discover_packages(ignore) using defaults
[1.232s] Level 1:colcon.colcon_core.package_discovery:discover_packages(path) discover
[1.233s] Level 1:colcon.colcon_core.package_discovery:discover_packages(path) using defaults
[1.344s] Level 1:colcon.colcon_core.package_discovery:discover_packages(prefix_path) check parameters
[1.344s] Level 1:colcon.colcon_core.package_discovery:discover_packages(prefix_path) discover
[1.352s] DEBUG:colcon.colcon_installed_package_information.package_discovery:Found 1 installed packages in /home/jazz/Projects/Yathra_ROS2_Control/install
[1.359s] DEBUG:colcon.colcon_installed_package_information.package_discovery:Found 203 installed packages in /opt/ros/jazzy
[1.363s] Level 1:colcon.colcon_core.package_discovery:discover_packages(prefix_path) using defaults
[1.571s] Level 5:colcon.colcon_core.verb:set package 'yathra' build argument 'cmake_args' from command line to 'None'
[1.572s] Level 5:colcon.colcon_core.verb:set package 'yathra' build argument 'cmake_target' from command line to 'None'
[1.572s] Level 5:colcon.colcon_core.verb:set package 'yathra' build argument 'cmake_target_skip_unavailable' from command line to 'False'
[1.573s] Level 5:colcon.colcon_core.verb:set package 'yathra' build argument 'cmake_clean_cache' from command line to 'False'
[1.573s] Level 5:colcon.colcon_core.verb:set package 'yathra' build argument 'cmake_clean_first' from command line to 'False'
[1.573s] Level 5:colcon.colcon_core.verb:set package 'yathra' build argument 'cmake_force_configure' from command line to 'False'
[1.573s] Level 5:colcon.colcon_core.verb:set package 'yathra' build argument 'ament_cmake_args' from command line to 'None'
[1.574s] Level 5:colcon.colcon_core.verb:set package 'yathra' build argument 'catkin_cmake_args' from command line to 'None'
[1.574s] Level 5:colcon.colcon_core.verb:set package 'yathra' build argument 'catkin_skip_building_tests' from command line to 'False'
[1.575s] DEBUG:colcon.colcon_core.verb:Building package 'yathra' with the following arguments: {'ament_cmake_args': None, 'build_base': '/home/jazz/Projects/Yathra_ROS2_Control/build/yathra', 'catkin_cmake_args': None, 'catkin_skip_building_tests': False, 'cmake_args': None, 'cmake_clean_cache': False, 'cmake_clean_first': False, 'cmake_force_configure': False, 'cmake_target': None, 'cmake_target_skip_unavailable': False, 'install_base': '/home/jazz/Projects/Yathra_ROS2_Control/install/yathra', 'merge_install': False, 'path': '/home/jazz/Projects/Yathra_ROS2_Control/src/yathra', 'symlink_install': True, 'test_result_base': None}
[1.576s] INFO:colcon.colcon_core.executor:Executing jobs using 'parallel' executor
[1.581s] DEBUG:colcon.colcon_parallel_executor.executor.parallel:run_until_complete
[1.583s] INFO:colcon.colcon_ros.task.ament_cmake.build:Building ROS package in '/home/jazz/Projects/Yathra_ROS2_Control/src/yathra' with build type 'ament_cmake'
[1.584s] INFO:colcon.colcon_cmake.task.cmake.build:Building CMake package in '/home/jazz/Projects/Yathra_ROS2_Control/src/yathra'
[1.595s] INFO:colcon.colcon_core.plugin_system:Skipping extension 'colcon_core.shell.bat': Not used on non-Windows systems
[1.597s] INFO:colcon.colcon_core.shell:Skip shell extension 'powershell' for command environment: Not usable outside of PowerShell
[1.597s] DEBUG:colcon.colcon_core.shell:Skip shell extension 'dsv' for command environment
[1.676s] DEBUG:colcon.colcon_core.event_handler.log_command:Invoking command in '/home/jazz/Projects/Yathra_ROS2_Control/build/yathra': CMAKE_PREFIX_PATH=${CMAKE_PREFIX_PATH}:/opt/ros/jazzy /usr/bin/cmake --build /home/jazz/Projects/Yathra_ROS2_Control/build/yathra -- -j8 -l8
[54.353s] DEBUG:colcon.colcon_core.event_handler.log_command:Invoked command in '/home/jazz/Projects/Yathra_ROS2_Control/build/yathra' returned '0': CMAKE_PREFIX_PATH=${CMAKE_PREFIX_PATH}:/opt/ros/jazzy /usr/bin/cmake --build /home/jazz/Projects/Yathra_ROS2_Control/build/yathra -- -j8 -l8
[54.404s] DEBUG:colcon.colcon_core.event_handler.log_command:Invoking command in '/home/jazz/Projects/Yathra_ROS2_Control/build/yathra': CMAKE_PREFIX_PATH=${CMAKE_PREFIX_PATH}:/opt/ros/jazzy /usr/bin/cmake --install /home/jazz/Projects/Yathra_ROS2_Control/build/yathra
[54.546s] Level 1:colcon.colcon_core.environment:create_environment_scripts_only(yathra)
[54.549s] DEBUG:colcon.colcon_core.event_handler.log_command:Invoked command in '/home/jazz/Projects/Yathra_ROS2_Control/build/yathra' returned '0': CMAKE_PREFIX_PATH=${CMAKE_PREFIX_PATH}:/opt/ros/jazzy /usr/bin/cmake --install /home/jazz/Projects/Yathra_ROS2_Control/build/yathra
[54.567s] Level 1:colcon.colcon_core.environment:checking '/home/jazz/Projects/Yathra_ROS2_Control/install/yathra' for CMake module files
[54.572s] Level 1:colcon.colcon_core.environment:checking '/home/jazz/Projects/Yathra_ROS2_Control/install/yathra' for CMake config files
[54.575s] Level 1:colcon.colcon_core.shell:create_environment_hook('yathra', 'cmake_prefix_path')
[54.576s] INFO:colcon.colcon_core.shell:Creating environment hook '/home/jazz/Projects/Yathra_ROS2_Control/install/yathra/share/yathra/hook/cmake_prefix_path.ps1'
[54.581s] INFO:colcon.colcon_core.shell:Creating environment descriptor '/home/jazz/Projects/Yathra_ROS2_Control/install/yathra/share/yathra/hook/cmake_prefix_path.dsv'
[54.584s] INFO:colcon.colcon_core.shell:Creating environment hook '/home/jazz/Projects/Yathra_ROS2_Control/install/yathra/share/yathra/hook/cmake_prefix_path.sh'
[54.590s] Level 1:colcon.colcon_core.environment:checking '/home/jazz/Projects/Yathra_ROS2_Control/install/yathra/lib'
[54.591s] Level 1:colcon.colcon_core.environment:checking '/home/jazz/Projects/Yathra_ROS2_Control/install/yathra/bin'
[54.591s] Level 1:colcon.colcon_core.environment:checking '/home/jazz/Projects/Yathra_ROS2_Control/install/yathra/lib/pkgconfig/yathra.pc'
[54.593s] Level 1:colcon.colcon_core.environment:checking '/home/jazz/Projects/Yathra_ROS2_Control/install/yathra/lib/python3.12/site-packages'
[54.595s] Level 1:colcon.colcon_core.environment:checking '/home/jazz/Projects/Yathra_ROS2_Control/install/yathra/bin'
[54.597s] INFO:colcon.colcon_core.shell:Creating package script '/home/jazz/Projects/Yathra_ROS2_Control/install/yathra/share/yathra/package.ps1'
[54.601s] INFO:colcon.colcon_core.shell:Creating package descriptor '/home/jazz/Projects/Yathra_ROS2_Control/install/yathra/share/yathra/package.dsv'
[54.605s] INFO:colcon.colcon_core.shell:Creating package script '/home/jazz/Projects/Yathra_ROS2_Control/install/yathra/share/yathra/package.sh'
[54.610s] INFO:colcon.colcon_core.shell:Creating package script '/home/jazz/Projects/Yathra_ROS2_Control/install/yathra/share/yathra/package.bash'
[54.614s] INFO:colcon.colcon_core.shell:Creating package script '/home/jazz/Projects/Yathra_ROS2_Control/install/yathra/share/yathra/package.zsh'
[54.619s] Level 1:colcon.colcon_core.environment:create_file_with_runtime_dependencies(/home/jazz/Projects/Yathra_ROS2_Control/install/yathra/share/colcon-core/packages/yathra)
[54.623s] Level 1:colcon.colcon_core.environment:create_environment_scripts_only(yathra)
[54.624s] Level 1:colcon.colcon_core.environment:checking '/home/jazz/Projects/Yathra_ROS2_Control/install/yathra' for CMake module files
[54.629s] Level 1:colcon.colcon_core.environment:checking '/home/jazz/Projects/Yathra_ROS2_Control/install/yathra' for CMake config files
[54.631s] Level 1:colcon.colcon_core.shell:create_environment_hook('yathra', 'cmake_prefix_path')
[54.632s] INFO:colcon.colcon_core.shell:Creating environment hook '/home/jazz/Projects/Yathra_ROS2_Control/install/yathra/share/yathra/hook/cmake_prefix_path.ps1'
[54.635s] INFO:colcon.colcon_core.shell:Creating environment descriptor '/home/jazz/Projects/Yathra_ROS2_Control/install/yathra/share/yathra/hook/cmake_prefix_path.dsv'
[54.637s] INFO:colcon.colcon_core.shell:Creating environment hook '/home/jazz/Projects/Yathra_ROS2_Control/install/yathra/share/yathra/hook/cmake_prefix_path.sh'
[54.640s] Level 1:colcon.colcon_core.environment:checking '/home/jazz/Projects/Yathra_ROS2_Control/install/yathra/lib'
[54.641s] Level 1:colcon.colcon_core.environment:checking '/home/jazz/Projects/Yathra_ROS2_Control/install/yathra/bin'
[54.641s] Level 1:colcon.colcon_core.environment:checking '/home/jazz/Projects/Yathra_ROS2_Control/install/yathra/lib/pkgconfig/yathra.pc'
[54.643s] Level 1:colcon.colcon_core.environment:checking '/home/jazz/Projects/Yathra_ROS2_Control/install/yathra/lib/python3.12/site-packages'
[54.645s] Level 1:colcon.colcon_core.environment:checking '/home/jazz/Projects/Yathra_ROS2_Control/install/yathra/bin'
[54.646s] INFO:colcon.colcon_core.shell:Creating package script '/home/jazz/Projects/Yathra_ROS2_Control/install/yathra/share/yathra/package.ps1'
[54.650s] INFO:colcon.colcon_core.shell:Creating package descriptor '/home/jazz/Projects/Yathra_ROS2_Control/install/yathra/share/yathra/package.dsv'
[54.653s] INFO:colcon.colcon_core.shell:Creating package script '/home/jazz/Projects/Yathra_ROS2_Control/install/yathra/share/yathra/package.sh'
[54.657s] INFO:colcon.colcon_core.shell:Creating package script '/home/jazz/Projects/Yathra_ROS2_Control/install/yathra/share/yathra/package.bash'
[54.660s] INFO:colcon.colcon_core.shell:Creating package script '/home/jazz/Projects/Yathra_ROS2_Control/install/yathra/share/yathra/package.zsh'
[54.663s] Level 1:colcon.colcon_core.environment:create_file_with_runtime_dependencies(/home/jazz/Projects/Yathra_ROS2_Control/install/yathra/share/colcon-core/packages/yathra)
[54.664s] DEBUG:colcon.colcon_parallel_executor.executor.parallel:closing loop
[54.667s] DEBUG:colcon.colcon_parallel_executor.executor.parallel:loop closed
[54.668s] DEBUG:colcon.colcon_parallel_executor.executor.parallel:run_until_complete finished with '0'
[54.668s] DEBUG:colcon.colcon_core.event_reactor:joining thread
[54.704s] INFO:colcon.colcon_core.plugin_system:Skipping extension 'colcon_notification.desktop_notification.notify_send': Could not find 'notify-send'
[54.704s] INFO:colcon.colcon_core.plugin_system:Skipping extension 'colcon_notification.desktop_notification.terminal_notifier': Not used on non-Darwin systems
[54.705s] INFO:colcon.colcon_core.plugin_system:Skipping extension 'colcon_notification.desktop_notification.win32': Not used on non-Windows systems
[54.705s] INFO:colcon.colcon_notification.desktop_notification:Sending desktop notification using 'notify2'
[54.706s] DEBUG:colcon.colcon_notification.desktop_notification.notify2:Failed to initialize notify2: org.freedesktop.DBus.Error.FileNotFound: Failed to connect to socket /run/user/0/bus: No such file or directory
[54.707s] DEBUG:colcon.colcon_core.event_reactor:joined thread
[54.708s] INFO:colcon.colcon_core.shell:Creating prefix script '/home/jazz/Projects/Yathra_ROS2_Control/install/local_setup.ps1'
[54.713s] INFO:colcon.colcon_core.shell:Creating prefix util module '/home/jazz/Projects/Yathra_ROS2_Control/install/_local_setup_util_ps1.py'
[54.721s] INFO:colcon.colcon_core.shell:Creating prefix chain script '/home/jazz/Projects/Yathra_ROS2_Control/install/setup.ps1'
[54.726s] INFO:colcon.colcon_core.shell:Creating prefix script '/home/jazz/Projects/Yathra_ROS2_Control/install/local_setup.sh'
[54.731s] INFO:colcon.colcon_core.shell:Creating prefix util module '/home/jazz/Projects/Yathra_ROS2_Control/install/_local_setup_util_sh.py'
[54.736s] INFO:colcon.colcon_core.shell:Creating prefix chain script '/home/jazz/Projects/Yathra_ROS2_Control/install/setup.sh'
[54.742s] INFO:colcon.colcon_core.shell:Creating prefix script '/home/jazz/Projects/Yathra_ROS2_Control/install/local_setup.bash'
[54.746s] INFO:colcon.colcon_core.shell:Creating prefix chain script '/home/jazz/Projects/Yathra_ROS2_Control/install/setup.bash'
[54.754s] INFO:colcon.colcon_core.shell:Creating prefix script '/home/jazz/Projects/Yathra_ROS2_Control/install/local_setup.zsh'
[54.759s] INFO:colcon.colcon_core.shell:Creating prefix chain script '/home/jazz/Projects/Yathra_ROS2_Control/install/setup.zsh'
