[1.247s] DEBUG:colcon:Command line arguments: ['/usr/bin/colcon', 'build', '--packages-select', 'yathra', '--symlink-install']
[1.248s] DEBUG:colcon:Parsed command line arguments: Namespace(log_base=None, log_level=None, verb_name='build', build_base='build', install_base='install', merge_install=False, symlink_install=True, test_result_base=None, continue_on_error=False, executor='parallel', parallel_workers=8, event_handlers=None, ignore_user_meta=False, metas=['./colcon.meta'], base_paths=['.'], packages_ignore=None, packages_ignore_regex=None, paths=None, packages_up_to=None, packages_up_to_regex=None, packages_above=None, packages_above_and_dependencies=None, packages_above_depth=None, packages_select_by_dep=None, packages_skip_by_dep=None, packages_skip_up_to=None, packages_select_build_failed=False, packages_skip_build_finished=False, packages_select_test_failures=False, packages_skip_test_passed=False, packages_select=['yathra'], packages_skip=None, packages_select_regex=None, packages_skip_regex=None, packages_start=None, packages_end=None, allow_overriding=[], cmake_args=None, cmake_target=None, cmake_target_skip_unavailable=False, cmake_clean_cache=False, cmake_clean_first=False, cmake_force_configure=False, ament_cmake_args=None, catkin_cmake_args=None, catkin_skip_building_tests=False, mixin_files=None, mixin=None, verb_parser=<colcon_mixin.mixin.mixin_argument.MixinArgumentDecorator object at 0x7f49be1a8050>, verb_extension=<colcon_core.verb.build.BuildVerb object at 0x7f49be324410>, main=<bound method BuildVerb.main of <colcon_core.verb.build.BuildVerb object at 0x7f49be324410>>, mixin_verb=('build',))
[1.697s] Level 1:colcon.colcon_core.package_discovery:discover_packages(colcon_meta) check parameters
[1.699s] Level 1:colcon.colcon_core.package_discovery:discover_packages(recursive) check parameters
[1.699s] Level 1:colcon.colcon_core.package_discovery:discover_packages(ignore) check parameters
[1.699s] Level 1:colcon.colcon_core.package_discovery:discover_packages(path) check parameters
[1.700s] Level 1:colcon.colcon_core.package_discovery:discover_packages(colcon_meta) discover
[1.700s] Level 1:colcon.colcon_core.package_discovery:discover_packages(recursive) discover
[1.701s] INFO:colcon.colcon_core.package_discovery:Crawling recursively for packages in '/home/jazz/Projects/Yathra_ROS2_Control'
[1.702s] Level 1:colcon.colcon_core.package_identification:_identify(.) by extensions ['ignore', 'ignore_ament_install']
[1.703s] Level 1:colcon.colcon_core.package_identification:_identify(.) by extension 'ignore'
[1.704s] Level 1:colcon.colcon_core.package_identification:_identify(.) by extension 'ignore_ament_install'
[1.705s] Level 1:colcon.colcon_core.package_identification:_identify(.) by extensions ['colcon_pkg']
[1.705s] Level 1:colcon.colcon_core.package_identification:_identify(.) by extension 'colcon_pkg'
[1.707s] Level 1:colcon.colcon_core.package_identification:_identify(.) by extensions ['colcon_meta']
[1.707s] Level 1:colcon.colcon_core.package_identification:_identify(.) by extension 'colcon_meta'
[1.708s] Level 1:colcon.colcon_core.package_identification:_identify(.) by extensions ['ros']
[1.708s] Level 1:colcon.colcon_core.package_identification:_identify(.) by extension 'ros'
[2.002s] Level 1:colcon.colcon_core.package_identification:_identify(.) by extensions ['cmake', 'python']
[2.002s] Level 1:colcon.colcon_core.package_identification:_identify(.) by extension 'cmake'
[2.004s] Level 1:colcon.colcon_core.package_identification:_identify(.) by extension 'python'
[2.005s] Level 1:colcon.colcon_core.package_identification:_identify(.) by extensions ['python_setup_py']
[2.005s] Level 1:colcon.colcon_core.package_identification:_identify(.) by extension 'python_setup_py'
[2.006s] Level 1:colcon.colcon_core.package_identification:_identify(build) by extensions ['ignore', 'ignore_ament_install']
[2.007s] Level 1:colcon.colcon_core.package_identification:_identify(build) by extension 'ignore'
[2.007s] Level 1:colcon.colcon_core.package_identification:_identify(build) ignored
[2.009s] Level 1:colcon.colcon_core.package_identification:_identify(install) by extensions ['ignore', 'ignore_ament_install']
[2.010s] Level 1:colcon.colcon_core.package_identification:_identify(install) by extension 'ignore'
[2.010s] Level 1:colcon.colcon_core.package_identification:_identify(install) ignored
[2.011s] Level 1:colcon.colcon_core.package_identification:_identify(log) by extensions ['ignore', 'ignore_ament_install']
[2.012s] Level 1:colcon.colcon_core.package_identification:_identify(log) by extension 'ignore'
[2.012s] Level 1:colcon.colcon_core.package_identification:_identify(log) ignored
[2.013s] Level 1:colcon.colcon_core.package_identification:_identify(src) by extensions ['ignore', 'ignore_ament_install']
[2.014s] Level 1:colcon.colcon_core.package_identification:_identify(src) by extension 'ignore'
[2.015s] Level 1:colcon.colcon_core.package_identification:_identify(src) by extension 'ignore_ament_install'
[2.016s] Level 1:colcon.colcon_core.package_identification:_identify(src) by extensions ['colcon_pkg']
[2.016s] Level 1:colcon.colcon_core.package_identification:_identify(src) by extension 'colcon_pkg'
[2.016s] Level 1:colcon.colcon_core.package_identification:_identify(src) by extensions ['colcon_meta']
[2.017s] Level 1:colcon.colcon_core.package_identification:_identify(src) by extension 'colcon_meta'
[2.017s] Level 1:colcon.colcon_core.package_identification:_identify(src) by extensions ['ros']
[2.017s] Level 1:colcon.colcon_core.package_identification:_identify(src) by extension 'ros'
[2.018s] Level 1:colcon.colcon_core.package_identification:_identify(src) by extensions ['cmake', 'python']
[2.019s] Level 1:colcon.colcon_core.package_identification:_identify(src) by extension 'cmake'
[2.019s] Level 1:colcon.colcon_core.package_identification:_identify(src) by extension 'python'
[2.019s] Level 1:colcon.colcon_core.package_identification:_identify(src) by extensions ['python_setup_py']
[2.020s] Level 1:colcon.colcon_core.package_identification:_identify(src) by extension 'python_setup_py'
[2.020s] Level 1:colcon.colcon_core.package_identification:_identify(src/yathra) by extensions ['ignore', 'ignore_ament_install']
[2.021s] Level 1:colcon.colcon_core.package_identification:_identify(src/yathra) by extension 'ignore'
[2.022s] Level 1:colcon.colcon_core.package_identification:_identify(src/yathra) by extension 'ignore_ament_install'
[2.023s] Level 1:colcon.colcon_core.package_identification:_identify(src/yathra) by extensions ['colcon_pkg']
[2.023s] Level 1:colcon.colcon_core.package_identification:_identify(src/yathra) by extension 'colcon_pkg'
[2.023s] Level 1:colcon.colcon_core.package_identification:_identify(src/yathra) by extensions ['colcon_meta']
[2.024s] Level 1:colcon.colcon_core.package_identification:_identify(src/yathra) by extension 'colcon_meta'
[2.024s] Level 1:colcon.colcon_core.package_identification:_identify(src/yathra) by extensions ['ros']
[2.024s] Level 1:colcon.colcon_core.package_identification:_identify(src/yathra) by extension 'ros'
[2.052s] DEBUG:colcon.colcon_core.package_identification:Package 'src/yathra' with type 'ros.ament_cmake' and name 'yathra'
[2.052s] Level 1:colcon.colcon_core.package_discovery:discover_packages(recursive) using defaults
[2.053s] Level 1:colcon.colcon_core.package_discovery:discover_packages(ignore) discover
[2.053s] Level 1:colcon.colcon_core.package_discovery:discover_packages(ignore) using defaults
[2.053s] Level 1:colcon.colcon_core.package_discovery:discover_packages(path) discover
[2.054s] Level 1:colcon.colcon_core.package_discovery:discover_packages(path) using defaults
[2.252s] Level 1:colcon.colcon_core.package_discovery:discover_packages(prefix_path) check parameters
[2.253s] Level 1:colcon.colcon_core.package_discovery:discover_packages(prefix_path) discover
[2.270s] DEBUG:colcon.colcon_installed_package_information.package_discovery:Found 1 installed packages in /home/jazz/Projects/Yathra_ROS2_Control/install
[2.282s] DEBUG:colcon.colcon_installed_package_information.package_discovery:Found 203 installed packages in /opt/ros/jazzy
[2.288s] Level 1:colcon.colcon_core.package_discovery:discover_packages(prefix_path) using defaults
[2.707s] Level 5:colcon.colcon_core.verb:set package 'yathra' build argument 'cmake_args' from command line to 'None'
[2.708s] Level 5:colcon.colcon_core.verb:set package 'yathra' build argument 'cmake_target' from command line to 'None'
[2.708s] Level 5:colcon.colcon_core.verb:set package 'yathra' build argument 'cmake_target_skip_unavailable' from command line to 'False'
[2.708s] Level 5:colcon.colcon_core.verb:set package 'yathra' build argument 'cmake_clean_cache' from command line to 'False'
[2.709s] Level 5:colcon.colcon_core.verb:set package 'yathra' build argument 'cmake_clean_first' from command line to 'False'
[2.709s] Level 5:colcon.colcon_core.verb:set package 'yathra' build argument 'cmake_force_configure' from command line to 'False'
[2.709s] Level 5:colcon.colcon_core.verb:set package 'yathra' build argument 'ament_cmake_args' from command line to 'None'
[2.709s] Level 5:colcon.colcon_core.verb:set package 'yathra' build argument 'catkin_cmake_args' from command line to 'None'
[2.710s] Level 5:colcon.colcon_core.verb:set package 'yathra' build argument 'catkin_skip_building_tests' from command line to 'False'
[2.710s] DEBUG:colcon.colcon_core.verb:Building package 'yathra' with the following arguments: {'ament_cmake_args': None, 'build_base': '/home/jazz/Projects/Yathra_ROS2_Control/build/yathra', 'catkin_cmake_args': None, 'catkin_skip_building_tests': False, 'cmake_args': None, 'cmake_clean_cache': False, 'cmake_clean_first': False, 'cmake_force_configure': False, 'cmake_target': None, 'cmake_target_skip_unavailable': False, 'install_base': '/home/jazz/Projects/Yathra_ROS2_Control/install/yathra', 'merge_install': False, 'path': '/home/jazz/Projects/Yathra_ROS2_Control/src/yathra', 'symlink_install': True, 'test_result_base': None}
[2.711s] INFO:colcon.colcon_core.executor:Executing jobs using 'parallel' executor
[2.717s] DEBUG:colcon.colcon_parallel_executor.executor.parallel:run_until_complete
[2.720s] INFO:colcon.colcon_ros.task.ament_cmake.build:Building ROS package in '/home/jazz/Projects/Yathra_ROS2_Control/src/yathra' with build type 'ament_cmake'
[2.721s] INFO:colcon.colcon_cmake.task.cmake.build:Building CMake package in '/home/jazz/Projects/Yathra_ROS2_Control/src/yathra'
[2.747s] INFO:colcon.colcon_core.plugin_system:Skipping extension 'colcon_core.shell.bat': Not used on non-Windows systems
[2.750s] INFO:colcon.colcon_core.shell:Skip shell extension 'powershell' for command environment: Not usable outside of PowerShell
[2.750s] DEBUG:colcon.colcon_core.shell:Skip shell extension 'dsv' for command environment
[2.830s] DEBUG:colcon.colcon_core.event_handler.log_command:Invoking command in '/home/jazz/Projects/Yathra_ROS2_Control/build/yathra': CMAKE_PREFIX_PATH=${CMAKE_PREFIX_PATH}:/opt/ros/jazzy /usr/bin/cmake --build /home/jazz/Projects/Yathra_ROS2_Control/build/yathra -- -j8 -l8
[47.172s] DEBUG:colcon.colcon_core.event_handler.log_command:Invoked command in '/home/jazz/Projects/Yathra_ROS2_Control/build/yathra' returned '0': CMAKE_PREFIX_PATH=${CMAKE_PREFIX_PATH}:/opt/ros/jazzy /usr/bin/cmake --build /home/jazz/Projects/Yathra_ROS2_Control/build/yathra -- -j8 -l8
[47.255s] DEBUG:colcon.colcon_core.event_handler.log_command:Invoking command in '/home/jazz/Projects/Yathra_ROS2_Control/build/yathra': CMAKE_PREFIX_PATH=${CMAKE_PREFIX_PATH}:/opt/ros/jazzy /usr/bin/cmake --install /home/jazz/Projects/Yathra_ROS2_Control/build/yathra
[47.417s] Level 1:colcon.colcon_core.environment:create_environment_scripts_only(yathra)
[47.420s] DEBUG:colcon.colcon_core.event_handler.log_command:Invoked command in '/home/jazz/Projects/Yathra_ROS2_Control/build/yathra' returned '0': CMAKE_PREFIX_PATH=${CMAKE_PREFIX_PATH}:/opt/ros/jazzy /usr/bin/cmake --install /home/jazz/Projects/Yathra_ROS2_Control/build/yathra
[47.448s] Level 1:colcon.colcon_core.environment:checking '/home/jazz/Projects/Yathra_ROS2_Control/install/yathra' for CMake module files
[47.455s] Level 1:colcon.colcon_core.environment:checking '/home/jazz/Projects/Yathra_ROS2_Control/install/yathra' for CMake config files
[47.459s] Level 1:colcon.colcon_core.shell:create_environment_hook('yathra', 'cmake_prefix_path')
[47.460s] INFO:colcon.colcon_core.shell:Creating environment hook '/home/jazz/Projects/Yathra_ROS2_Control/install/yathra/share/yathra/hook/cmake_prefix_path.ps1'
[47.466s] INFO:colcon.colcon_core.shell:Creating environment descriptor '/home/jazz/Projects/Yathra_ROS2_Control/install/yathra/share/yathra/hook/cmake_prefix_path.dsv'
[47.471s] INFO:colcon.colcon_core.shell:Creating environment hook '/home/jazz/Projects/Yathra_ROS2_Control/install/yathra/share/yathra/hook/cmake_prefix_path.sh'
[47.479s] Level 1:colcon.colcon_core.environment:checking '/home/jazz/Projects/Yathra_ROS2_Control/install/yathra/lib'
[47.481s] Level 1:colcon.colcon_core.environment:checking '/home/jazz/Projects/Yathra_ROS2_Control/install/yathra/bin'
[47.482s] Level 1:colcon.colcon_core.environment:checking '/home/jazz/Projects/Yathra_ROS2_Control/install/yathra/lib/pkgconfig/yathra.pc'
[47.484s] Level 1:colcon.colcon_core.environment:checking '/home/jazz/Projects/Yathra_ROS2_Control/install/yathra/lib/python3.12/site-packages'
[47.487s] Level 1:colcon.colcon_core.environment:checking '/home/jazz/Projects/Yathra_ROS2_Control/install/yathra/bin'
[47.489s] INFO:colcon.colcon_core.shell:Creating package script '/home/jazz/Projects/Yathra_ROS2_Control/install/yathra/share/yathra/package.ps1'
[47.495s] INFO:colcon.colcon_core.shell:Creating package descriptor '/home/jazz/Projects/Yathra_ROS2_Control/install/yathra/share/yathra/package.dsv'
[47.499s] INFO:colcon.colcon_core.shell:Creating package script '/home/jazz/Projects/Yathra_ROS2_Control/install/yathra/share/yathra/package.sh'
[47.505s] INFO:colcon.colcon_core.shell:Creating package script '/home/jazz/Projects/Yathra_ROS2_Control/install/yathra/share/yathra/package.bash'
[47.511s] INFO:colcon.colcon_core.shell:Creating package script '/home/jazz/Projects/Yathra_ROS2_Control/install/yathra/share/yathra/package.zsh'
[47.517s] Level 1:colcon.colcon_core.environment:create_file_with_runtime_dependencies(/home/jazz/Projects/Yathra_ROS2_Control/install/yathra/share/colcon-core/packages/yathra)
[47.521s] Level 1:colcon.colcon_core.environment:create_environment_scripts_only(yathra)
[47.522s] Level 1:colcon.colcon_core.environment:checking '/home/jazz/Projects/Yathra_ROS2_Control/install/yathra' for CMake module files
[47.526s] Level 1:colcon.colcon_core.environment:checking '/home/jazz/Projects/Yathra_ROS2_Control/install/yathra' for CMake config files
[47.529s] Level 1:colcon.colcon_core.shell:create_environment_hook('yathra', 'cmake_prefix_path')
[47.530s] INFO:colcon.colcon_core.shell:Creating environment hook '/home/jazz/Projects/Yathra_ROS2_Control/install/yathra/share/yathra/hook/cmake_prefix_path.ps1'
[47.534s] INFO:colcon.colcon_core.shell:Creating environment descriptor '/home/jazz/Projects/Yathra_ROS2_Control/install/yathra/share/yathra/hook/cmake_prefix_path.dsv'
[47.537s] INFO:colcon.colcon_core.shell:Creating environment hook '/home/jazz/Projects/Yathra_ROS2_Control/install/yathra/share/yathra/hook/cmake_prefix_path.sh'
[47.545s] Level 1:colcon.colcon_core.environment:checking '/home/jazz/Projects/Yathra_ROS2_Control/install/yathra/lib'
[47.546s] Level 1:colcon.colcon_core.environment:checking '/home/jazz/Projects/Yathra_ROS2_Control/install/yathra/bin'
[47.547s] Level 1:colcon.colcon_core.environment:checking '/home/jazz/Projects/Yathra_ROS2_Control/install/yathra/lib/pkgconfig/yathra.pc'
[47.550s] Level 1:colcon.colcon_core.environment:checking '/home/jazz/Projects/Yathra_ROS2_Control/install/yathra/lib/python3.12/site-packages'
[47.554s] Level 1:colcon.colcon_core.environment:checking '/home/jazz/Projects/Yathra_ROS2_Control/install/yathra/bin'
[47.557s] INFO:colcon.colcon_core.shell:Creating package script '/home/jazz/Projects/Yathra_ROS2_Control/install/yathra/share/yathra/package.ps1'
[47.563s] INFO:colcon.colcon_core.shell:Creating package descriptor '/home/jazz/Projects/Yathra_ROS2_Control/install/yathra/share/yathra/package.dsv'
[47.570s] INFO:colcon.colcon_core.shell:Creating package script '/home/jazz/Projects/Yathra_ROS2_Control/install/yathra/share/yathra/package.sh'
[47.574s] INFO:colcon.colcon_core.shell:Creating package script '/home/jazz/Projects/Yathra_ROS2_Control/install/yathra/share/yathra/package.bash'
[47.579s] INFO:colcon.colcon_core.shell:Creating package script '/home/jazz/Projects/Yathra_ROS2_Control/install/yathra/share/yathra/package.zsh'
[47.583s] Level 1:colcon.colcon_core.environment:create_file_with_runtime_dependencies(/home/jazz/Projects/Yathra_ROS2_Control/install/yathra/share/colcon-core/packages/yathra)
[47.587s] DEBUG:colcon.colcon_parallel_executor.executor.parallel:closing loop
[47.588s] DEBUG:colcon.colcon_parallel_executor.executor.parallel:loop closed
[47.589s] DEBUG:colcon.colcon_parallel_executor.executor.parallel:run_until_complete finished with '0'
[47.591s] DEBUG:colcon.colcon_core.event_reactor:joining thread
[47.681s] INFO:colcon.colcon_core.plugin_system:Skipping extension 'colcon_notification.desktop_notification.notify_send': Could not find 'notify-send'
[47.683s] INFO:colcon.colcon_core.plugin_system:Skipping extension 'colcon_notification.desktop_notification.terminal_notifier': Not used on non-Darwin systems
[47.685s] INFO:colcon.colcon_core.plugin_system:Skipping extension 'colcon_notification.desktop_notification.win32': Not used on non-Windows systems
[47.685s] INFO:colcon.colcon_notification.desktop_notification:Sending desktop notification using 'notify2'
[47.688s] DEBUG:colcon.colcon_notification.desktop_notification.notify2:Failed to initialize notify2: org.freedesktop.DBus.Error.FileNotFound: Failed to connect to socket /run/user/0/bus: No such file or directory
[47.689s] DEBUG:colcon.colcon_core.event_reactor:joined thread
[47.691s] INFO:colcon.colcon_core.shell:Creating prefix script '/home/jazz/Projects/Yathra_ROS2_Control/install/local_setup.ps1'
[47.703s] INFO:colcon.colcon_core.shell:Creating prefix util module '/home/jazz/Projects/Yathra_ROS2_Control/install/_local_setup_util_ps1.py'
[47.721s] INFO:colcon.colcon_core.shell:Creating prefix chain script '/home/jazz/Projects/Yathra_ROS2_Control/install/setup.ps1'
[47.730s] INFO:colcon.colcon_core.shell:Creating prefix script '/home/jazz/Projects/Yathra_ROS2_Control/install/local_setup.sh'
[47.739s] INFO:colcon.colcon_core.shell:Creating prefix util module '/home/jazz/Projects/Yathra_ROS2_Control/install/_local_setup_util_sh.py'
[47.746s] INFO:colcon.colcon_core.shell:Creating prefix chain script '/home/jazz/Projects/Yathra_ROS2_Control/install/setup.sh'
[47.758s] INFO:colcon.colcon_core.shell:Creating prefix script '/home/jazz/Projects/Yathra_ROS2_Control/install/local_setup.bash'
[47.764s] INFO:colcon.colcon_core.shell:Creating prefix chain script '/home/jazz/Projects/Yathra_ROS2_Control/install/setup.bash'
[47.772s] INFO:colcon.colcon_core.shell:Creating prefix script '/home/jazz/Projects/Yathra_ROS2_Control/install/local_setup.zsh'
[47.780s] INFO:colcon.colcon_core.shell:Creating prefix chain script '/home/jazz/Projects/Yathra_ROS2_Control/install/setup.zsh'
