[1.491s] DEBUG:colcon:Command line arguments: ['/usr/bin/colcon', 'build', '--packages-select', 'yathra', '--symlink-install']
[1.492s] DEBUG:colcon:Parsed command line arguments: Namespace(log_base=None, log_level=None, verb_name='build', build_base='build', install_base='install', merge_install=False, symlink_install=True, test_result_base=None, continue_on_error=False, executor='parallel', parallel_workers=8, event_handlers=None, ignore_user_meta=False, metas=['./colcon.meta'], base_paths=['.'], packages_ignore=None, packages_ignore_regex=None, paths=None, packages_up_to=None, packages_up_to_regex=None, packages_above=None, packages_above_and_dependencies=None, packages_above_depth=None, packages_select_by_dep=None, packages_skip_by_dep=None, packages_skip_up_to=None, packages_select_build_failed=False, packages_skip_build_finished=False, packages_select_test_failures=False, packages_skip_test_passed=False, packages_select=['yathra'], packages_skip=None, packages_select_regex=None, packages_skip_regex=None, packages_start=None, packages_end=None, allow_overriding=[], cmake_args=None, cmake_target=None, cmake_target_skip_unavailable=False, cmake_clean_cache=False, cmake_clean_first=False, cmake_force_configure=False, ament_cmake_args=None, catkin_cmake_args=None, catkin_skip_building_tests=False, mixin_files=None, mixin=None, verb_parser=<colcon_mixin.mixin.mixin_argument.MixinArgumentDecorator object at 0x7f4623f43ef0>, verb_extension=<colcon_core.verb.build.BuildVerb object at 0x7f4624b7f950>, main=<bound method BuildVerb.main of <colcon_core.verb.build.BuildVerb object at 0x7f4624b7f950>>, mixin_verb=('build',))
[1.981s] Level 1:colcon.colcon_core.package_discovery:discover_packages(colcon_meta) check parameters
[1.982s] Level 1:colcon.colcon_core.package_discovery:discover_packages(recursive) check parameters
[1.982s] Level 1:colcon.colcon_core.package_discovery:discover_packages(ignore) check parameters
[1.982s] Level 1:colcon.colcon_core.package_discovery:discover_packages(path) check parameters
[1.983s] Level 1:colcon.colcon_core.package_discovery:discover_packages(colcon_meta) discover
[1.983s] Level 1:colcon.colcon_core.package_discovery:discover_packages(recursive) discover
[1.984s] INFO:colcon.colcon_core.package_discovery:Crawling recursively for packages in '/home/jazz/Projects/Yathra_ROS2_Control'
[1.984s] Level 1:colcon.colcon_core.package_identification:_identify(.) by extensions ['ignore', 'ignore_ament_install']
[1.985s] Level 1:colcon.colcon_core.package_identification:_identify(.) by extension 'ignore'
[1.986s] Level 1:colcon.colcon_core.package_identification:_identify(.) by extension 'ignore_ament_install'
[1.987s] Level 1:colcon.colcon_core.package_identification:_identify(.) by extensions ['colcon_pkg']
[1.987s] Level 1:colcon.colcon_core.package_identification:_identify(.) by extension 'colcon_pkg'
[1.987s] Level 1:colcon.colcon_core.package_identification:_identify(.) by extensions ['colcon_meta']
[1.987s] Level 1:colcon.colcon_core.package_identification:_identify(.) by extension 'colcon_meta'
[1.988s] Level 1:colcon.colcon_core.package_identification:_identify(.) by extensions ['ros']
[1.988s] Level 1:colcon.colcon_core.package_identification:_identify(.) by extension 'ros'
[2.253s] Level 1:colcon.colcon_core.package_identification:_identify(.) by extensions ['cmake', 'python']
[2.254s] Level 1:colcon.colcon_core.package_identification:_identify(.) by extension 'cmake'
[2.254s] Level 1:colcon.colcon_core.package_identification:_identify(.) by extension 'python'
[2.255s] Level 1:colcon.colcon_core.package_identification:_identify(.) by extensions ['python_setup_py']
[2.255s] Level 1:colcon.colcon_core.package_identification:_identify(.) by extension 'python_setup_py'
[2.256s] Level 1:colcon.colcon_core.package_identification:_identify(build) by extensions ['ignore', 'ignore_ament_install']
[2.257s] Level 1:colcon.colcon_core.package_identification:_identify(build) by extension 'ignore'
[2.258s] Level 1:colcon.colcon_core.package_identification:_identify(build) ignored
[2.259s] Level 1:colcon.colcon_core.package_identification:_identify(install) by extensions ['ignore', 'ignore_ament_install']
[2.260s] Level 1:colcon.colcon_core.package_identification:_identify(install) by extension 'ignore'
[2.260s] Level 1:colcon.colcon_core.package_identification:_identify(install) ignored
[2.261s] Level 1:colcon.colcon_core.package_identification:_identify(log) by extensions ['ignore', 'ignore_ament_install']
[2.262s] Level 1:colcon.colcon_core.package_identification:_identify(log) by extension 'ignore'
[2.262s] Level 1:colcon.colcon_core.package_identification:_identify(log) ignored
[2.263s] Level 1:colcon.colcon_core.package_identification:_identify(src) by extensions ['ignore', 'ignore_ament_install']
[2.264s] Level 1:colcon.colcon_core.package_identification:_identify(src) by extension 'ignore'
[2.265s] Level 1:colcon.colcon_core.package_identification:_identify(src) by extension 'ignore_ament_install'
[2.265s] Level 1:colcon.colcon_core.package_identification:_identify(src) by extensions ['colcon_pkg']
[2.266s] Level 1:colcon.colcon_core.package_identification:_identify(src) by extension 'colcon_pkg'
[2.266s] Level 1:colcon.colcon_core.package_identification:_identify(src) by extensions ['colcon_meta']
[2.266s] Level 1:colcon.colcon_core.package_identification:_identify(src) by extension 'colcon_meta'
[2.267s] Level 1:colcon.colcon_core.package_identification:_identify(src) by extensions ['ros']
[2.267s] Level 1:colcon.colcon_core.package_identification:_identify(src) by extension 'ros'
[2.268s] Level 1:colcon.colcon_core.package_identification:_identify(src) by extensions ['cmake', 'python']
[2.268s] Level 1:colcon.colcon_core.package_identification:_identify(src) by extension 'cmake'
[2.269s] Level 1:colcon.colcon_core.package_identification:_identify(src) by extension 'python'
[2.269s] Level 1:colcon.colcon_core.package_identification:_identify(src) by extensions ['python_setup_py']
[2.270s] Level 1:colcon.colcon_core.package_identification:_identify(src) by extension 'python_setup_py'
[2.270s] Level 1:colcon.colcon_core.package_identification:_identify(src/yathra) by extensions ['ignore', 'ignore_ament_install']
[2.271s] Level 1:colcon.colcon_core.package_identification:_identify(src/yathra) by extension 'ignore'
[2.272s] Level 1:colcon.colcon_core.package_identification:_identify(src/yathra) by extension 'ignore_ament_install'
[2.273s] Level 1:colcon.colcon_core.package_identification:_identify(src/yathra) by extensions ['colcon_pkg']
[2.273s] Level 1:colcon.colcon_core.package_identification:_identify(src/yathra) by extension 'colcon_pkg'
[2.273s] Level 1:colcon.colcon_core.package_identification:_identify(src/yathra) by extensions ['colcon_meta']
[2.274s] Level 1:colcon.colcon_core.package_identification:_identify(src/yathra) by extension 'colcon_meta'
[2.274s] Level 1:colcon.colcon_core.package_identification:_identify(src/yathra) by extensions ['ros']
[2.275s] Level 1:colcon.colcon_core.package_identification:_identify(src/yathra) by extension 'ros'
[2.299s] DEBUG:colcon.colcon_core.package_identification:Package 'src/yathra' with type 'ros.ament_cmake' and name 'yathra'
[2.299s] Level 1:colcon.colcon_core.package_discovery:discover_packages(recursive) using defaults
[2.300s] Level 1:colcon.colcon_core.package_discovery:discover_packages(ignore) discover
[2.300s] Level 1:colcon.colcon_core.package_discovery:discover_packages(ignore) using defaults
[2.301s] Level 1:colcon.colcon_core.package_discovery:discover_packages(path) discover
[2.301s] Level 1:colcon.colcon_core.package_discovery:discover_packages(path) using defaults
[2.487s] Level 1:colcon.colcon_core.package_discovery:discover_packages(prefix_path) check parameters
[2.487s] Level 1:colcon.colcon_core.package_discovery:discover_packages(prefix_path) discover
[2.503s] DEBUG:colcon.colcon_installed_package_information.package_discovery:Found 1 installed packages in /home/jazz/Projects/Yathra_ROS2_Control/install
[2.516s] DEBUG:colcon.colcon_installed_package_information.package_discovery:Found 203 installed packages in /opt/ros/jazzy
[2.520s] Level 1:colcon.colcon_core.package_discovery:discover_packages(prefix_path) using defaults
[2.911s] Level 5:colcon.colcon_core.verb:set package 'yathra' build argument 'cmake_args' from command line to 'None'
[2.912s] Level 5:colcon.colcon_core.verb:set package 'yathra' build argument 'cmake_target' from command line to 'None'
[2.912s] Level 5:colcon.colcon_core.verb:set package 'yathra' build argument 'cmake_target_skip_unavailable' from command line to 'False'
[2.912s] Level 5:colcon.colcon_core.verb:set package 'yathra' build argument 'cmake_clean_cache' from command line to 'False'
[2.912s] Level 5:colcon.colcon_core.verb:set package 'yathra' build argument 'cmake_clean_first' from command line to 'False'
[2.913s] Level 5:colcon.colcon_core.verb:set package 'yathra' build argument 'cmake_force_configure' from command line to 'False'
[2.913s] Level 5:colcon.colcon_core.verb:set package 'yathra' build argument 'ament_cmake_args' from command line to 'None'
[2.913s] Level 5:colcon.colcon_core.verb:set package 'yathra' build argument 'catkin_cmake_args' from command line to 'None'
[2.913s] Level 5:colcon.colcon_core.verb:set package 'yathra' build argument 'catkin_skip_building_tests' from command line to 'False'
[2.913s] DEBUG:colcon.colcon_core.verb:Building package 'yathra' with the following arguments: {'ament_cmake_args': None, 'build_base': '/home/jazz/Projects/Yathra_ROS2_Control/build/yathra', 'catkin_cmake_args': None, 'catkin_skip_building_tests': False, 'cmake_args': None, 'cmake_clean_cache': False, 'cmake_clean_first': False, 'cmake_force_configure': False, 'cmake_target': None, 'cmake_target_skip_unavailable': False, 'install_base': '/home/jazz/Projects/Yathra_ROS2_Control/install/yathra', 'merge_install': False, 'path': '/home/jazz/Projects/Yathra_ROS2_Control/src/yathra', 'symlink_install': True, 'test_result_base': None}
[2.914s] INFO:colcon.colcon_core.executor:Executing jobs using 'parallel' executor
[2.921s] DEBUG:colcon.colcon_parallel_executor.executor.parallel:run_until_complete
[2.923s] INFO:colcon.colcon_ros.task.ament_cmake.build:Building ROS package in '/home/jazz/Projects/Yathra_ROS2_Control/src/yathra' with build type 'ament_cmake'
[2.924s] INFO:colcon.colcon_cmake.task.cmake.build:Building CMake package in '/home/jazz/Projects/Yathra_ROS2_Control/src/yathra'
[2.956s] INFO:colcon.colcon_core.plugin_system:Skipping extension 'colcon_core.shell.bat': Not used on non-Windows systems
[2.959s] INFO:colcon.colcon_core.shell:Skip shell extension 'powershell' for command environment: Not usable outside of PowerShell
[2.959s] DEBUG:colcon.colcon_core.shell:Skip shell extension 'dsv' for command environment
[3.040s] DEBUG:colcon.colcon_core.event_handler.log_command:Invoking command in '/home/jazz/Projects/Yathra_ROS2_Control/build/yathra': CMAKE_PREFIX_PATH=${CMAKE_PREFIX_PATH}:/opt/ros/jazzy /usr/bin/cmake --build /home/jazz/Projects/Yathra_ROS2_Control/build/yathra -- -j8 -l8
[43.357s] DEBUG:colcon.colcon_core.event_handler.log_command:Invoked command in '/home/jazz/Projects/Yathra_ROS2_Control/build/yathra' returned '0': CMAKE_PREFIX_PATH=${CMAKE_PREFIX_PATH}:/opt/ros/jazzy /usr/bin/cmake --build /home/jazz/Projects/Yathra_ROS2_Control/build/yathra -- -j8 -l8
[43.411s] DEBUG:colcon.colcon_core.event_handler.log_command:Invoking command in '/home/jazz/Projects/Yathra_ROS2_Control/build/yathra': CMAKE_PREFIX_PATH=${CMAKE_PREFIX_PATH}:/opt/ros/jazzy /usr/bin/cmake --install /home/jazz/Projects/Yathra_ROS2_Control/build/yathra
[43.590s] Level 1:colcon.colcon_core.environment:create_environment_scripts_only(yathra)
[43.593s] DEBUG:colcon.colcon_core.event_handler.log_command:Invoked command in '/home/jazz/Projects/Yathra_ROS2_Control/build/yathra' returned '0': CMAKE_PREFIX_PATH=${CMAKE_PREFIX_PATH}:/opt/ros/jazzy /usr/bin/cmake --install /home/jazz/Projects/Yathra_ROS2_Control/build/yathra
[43.618s] Level 1:colcon.colcon_core.environment:checking '/home/jazz/Projects/Yathra_ROS2_Control/install/yathra' for CMake module files
[43.624s] Level 1:colcon.colcon_core.environment:checking '/home/jazz/Projects/Yathra_ROS2_Control/install/yathra' for CMake config files
[43.626s] Level 1:colcon.colcon_core.shell:create_environment_hook('yathra', 'cmake_prefix_path')
[43.627s] INFO:colcon.colcon_core.shell:Creating environment hook '/home/jazz/Projects/Yathra_ROS2_Control/install/yathra/share/yathra/hook/cmake_prefix_path.ps1'
[43.631s] INFO:colcon.colcon_core.shell:Creating environment descriptor '/home/jazz/Projects/Yathra_ROS2_Control/install/yathra/share/yathra/hook/cmake_prefix_path.dsv'
[43.633s] INFO:colcon.colcon_core.shell:Creating environment hook '/home/jazz/Projects/Yathra_ROS2_Control/install/yathra/share/yathra/hook/cmake_prefix_path.sh'
[43.638s] Level 1:colcon.colcon_core.environment:checking '/home/jazz/Projects/Yathra_ROS2_Control/install/yathra/lib'
[43.639s] Level 1:colcon.colcon_core.environment:checking '/home/jazz/Projects/Yathra_ROS2_Control/install/yathra/bin'
[43.640s] Level 1:colcon.colcon_core.environment:checking '/home/jazz/Projects/Yathra_ROS2_Control/install/yathra/lib/pkgconfig/yathra.pc'
[43.641s] Level 1:colcon.colcon_core.environment:checking '/home/jazz/Projects/Yathra_ROS2_Control/install/yathra/lib/python3.12/site-packages'
[43.643s] Level 1:colcon.colcon_core.environment:checking '/home/jazz/Projects/Yathra_ROS2_Control/install/yathra/bin'
[43.645s] INFO:colcon.colcon_core.shell:Creating package script '/home/jazz/Projects/Yathra_ROS2_Control/install/yathra/share/yathra/package.ps1'
[43.651s] INFO:colcon.colcon_core.shell:Creating package descriptor '/home/jazz/Projects/Yathra_ROS2_Control/install/yathra/share/yathra/package.dsv'
[43.656s] INFO:colcon.colcon_core.shell:Creating package script '/home/jazz/Projects/Yathra_ROS2_Control/install/yathra/share/yathra/package.sh'
[43.661s] INFO:colcon.colcon_core.shell:Creating package script '/home/jazz/Projects/Yathra_ROS2_Control/install/yathra/share/yathra/package.bash'
[43.667s] INFO:colcon.colcon_core.shell:Creating package script '/home/jazz/Projects/Yathra_ROS2_Control/install/yathra/share/yathra/package.zsh'
[43.672s] Level 1:colcon.colcon_core.environment:create_file_with_runtime_dependencies(/home/jazz/Projects/Yathra_ROS2_Control/install/yathra/share/colcon-core/packages/yathra)
[43.676s] Level 1:colcon.colcon_core.environment:create_environment_scripts_only(yathra)
[43.677s] Level 1:colcon.colcon_core.environment:checking '/home/jazz/Projects/Yathra_ROS2_Control/install/yathra' for CMake module files
[43.683s] Level 1:colcon.colcon_core.environment:checking '/home/jazz/Projects/Yathra_ROS2_Control/install/yathra' for CMake config files
[43.685s] Level 1:colcon.colcon_core.shell:create_environment_hook('yathra', 'cmake_prefix_path')
[43.687s] INFO:colcon.colcon_core.shell:Creating environment hook '/home/jazz/Projects/Yathra_ROS2_Control/install/yathra/share/yathra/hook/cmake_prefix_path.ps1'
[43.690s] INFO:colcon.colcon_core.shell:Creating environment descriptor '/home/jazz/Projects/Yathra_ROS2_Control/install/yathra/share/yathra/hook/cmake_prefix_path.dsv'
[43.692s] INFO:colcon.colcon_core.shell:Creating environment hook '/home/jazz/Projects/Yathra_ROS2_Control/install/yathra/share/yathra/hook/cmake_prefix_path.sh'
[43.697s] Level 1:colcon.colcon_core.environment:checking '/home/jazz/Projects/Yathra_ROS2_Control/install/yathra/lib'
[43.698s] Level 1:colcon.colcon_core.environment:checking '/home/jazz/Projects/Yathra_ROS2_Control/install/yathra/bin'
[43.699s] Level 1:colcon.colcon_core.environment:checking '/home/jazz/Projects/Yathra_ROS2_Control/install/yathra/lib/pkgconfig/yathra.pc'
[43.700s] Level 1:colcon.colcon_core.environment:checking '/home/jazz/Projects/Yathra_ROS2_Control/install/yathra/lib/python3.12/site-packages'
[43.703s] Level 1:colcon.colcon_core.environment:checking '/home/jazz/Projects/Yathra_ROS2_Control/install/yathra/bin'
[43.705s] INFO:colcon.colcon_core.shell:Creating package script '/home/jazz/Projects/Yathra_ROS2_Control/install/yathra/share/yathra/package.ps1'
[43.708s] INFO:colcon.colcon_core.shell:Creating package descriptor '/home/jazz/Projects/Yathra_ROS2_Control/install/yathra/share/yathra/package.dsv'
[43.711s] INFO:colcon.colcon_core.shell:Creating package script '/home/jazz/Projects/Yathra_ROS2_Control/install/yathra/share/yathra/package.sh'
[43.713s] INFO:colcon.colcon_core.shell:Creating package script '/home/jazz/Projects/Yathra_ROS2_Control/install/yathra/share/yathra/package.bash'
[43.716s] INFO:colcon.colcon_core.shell:Creating package script '/home/jazz/Projects/Yathra_ROS2_Control/install/yathra/share/yathra/package.zsh'
[43.718s] Level 1:colcon.colcon_core.environment:create_file_with_runtime_dependencies(/home/jazz/Projects/Yathra_ROS2_Control/install/yathra/share/colcon-core/packages/yathra)
[43.721s] DEBUG:colcon.colcon_parallel_executor.executor.parallel:closing loop
[43.723s] DEBUG:colcon.colcon_parallel_executor.executor.parallel:loop closed
[43.724s] DEBUG:colcon.colcon_parallel_executor.executor.parallel:run_until_complete finished with '0'
[43.725s] DEBUG:colcon.colcon_core.event_reactor:joining thread
[43.787s] INFO:colcon.colcon_core.plugin_system:Skipping extension 'colcon_notification.desktop_notification.notify_send': Could not find 'notify-send'
[43.788s] INFO:colcon.colcon_core.plugin_system:Skipping extension 'colcon_notification.desktop_notification.terminal_notifier': Not used on non-Darwin systems
[43.790s] INFO:colcon.colcon_core.plugin_system:Skipping extension 'colcon_notification.desktop_notification.win32': Not used on non-Windows systems
[43.791s] INFO:colcon.colcon_notification.desktop_notification:Sending desktop notification using 'notify2'
[43.792s] DEBUG:colcon.colcon_notification.desktop_notification.notify2:Failed to initialize notify2: org.freedesktop.DBus.Error.FileNotFound: Failed to connect to socket /run/user/0/bus: No such file or directory
[43.794s] DEBUG:colcon.colcon_core.event_reactor:joined thread
[43.795s] INFO:colcon.colcon_core.shell:Creating prefix script '/home/jazz/Projects/Yathra_ROS2_Control/install/local_setup.ps1'
[43.804s] INFO:colcon.colcon_core.shell:Creating prefix util module '/home/jazz/Projects/Yathra_ROS2_Control/install/_local_setup_util_ps1.py'
[43.818s] INFO:colcon.colcon_core.shell:Creating prefix chain script '/home/jazz/Projects/Yathra_ROS2_Control/install/setup.ps1'
[43.824s] INFO:colcon.colcon_core.shell:Creating prefix script '/home/jazz/Projects/Yathra_ROS2_Control/install/local_setup.sh'
[43.830s] INFO:colcon.colcon_core.shell:Creating prefix util module '/home/jazz/Projects/Yathra_ROS2_Control/install/_local_setup_util_sh.py'
[43.835s] INFO:colcon.colcon_core.shell:Creating prefix chain script '/home/jazz/Projects/Yathra_ROS2_Control/install/setup.sh'
[43.842s] INFO:colcon.colcon_core.shell:Creating prefix script '/home/jazz/Projects/Yathra_ROS2_Control/install/local_setup.bash'
[43.846s] INFO:colcon.colcon_core.shell:Creating prefix chain script '/home/jazz/Projects/Yathra_ROS2_Control/install/setup.bash'
[43.851s] INFO:colcon.colcon_core.shell:Creating prefix script '/home/jazz/Projects/Yathra_ROS2_Control/install/local_setup.zsh'
[43.857s] INFO:colcon.colcon_core.shell:Creating prefix chain script '/home/jazz/Projects/Yathra_ROS2_Control/install/setup.zsh'
