[0.034s] Invoking command in '/home/jazz/Projects/Yathra_ROS2_Control/build/yathra': CMAKE_PREFIX_PATH=${CMAKE_PREFIX_PATH}:/opt/ros/jazzy /usr/bin/cmake --build /home/jazz/Projects/Yathra_ROS2_Control/build/yathra -- -j8 -l8
[0.210s] [ 50%] Built target yathra_serial
[0.234s] [100%] Built target dummy_depth
[0.279s] Invoked command in '/home/jazz/Projects/Yathra_ROS2_Control/build/yathra' returned '0': CMAKE_PREFIX_PATH=${CMAKE_PREFIX_PATH}:/opt/ros/jazzy /usr/bin/cmake --build /home/jazz/Projects/Yathra_ROS2_Control/build/yathra -- -j8 -l8
[0.321s] Invoking command in '/home/jazz/Projects/Yathra_ROS2_Control/build/yathra': CMAKE_PREFIX_PATH=${CMAKE_PREFIX_PATH}:/opt/ros/jazzy /usr/bin/cmake --install /home/jazz/Projects/Yathra_ROS2_Control/build/yathra
[0.355s] -- Install configuration: ""
[0.358s] -- Execute custom install script
[0.360s] -- Up-to-date symlink: /home/jazz/Projects/Yathra_ROS2_Control/install/yathra/lib/yathra/dummy_depth
[0.361s] -- Up-to-date symlink: /home/jazz/Projects/Yathra_ROS2_Control/install/yathra/lib/yathra/yathra_serial
[0.363s] -- Up-to-date symlink: /home/jazz/Projects/Yathra_ROS2_Control/install/yathra/share/ament_index/resource_index/package_run_dependencies/yathra
[0.364s] -- Up-to-date symlink: /home/jazz/Projects/Yathra_ROS2_Control/install/yathra/share/ament_index/resource_index/parent_prefix_path/yathra
[0.365s] -- Up-to-date symlink: /home/jazz/Projects/Yathra_ROS2_Control/install/yathra/share/yathra/environment/ament_prefix_path.sh
[0.367s] -- Up-to-date symlink: /home/jazz/Projects/Yathra_ROS2_Control/install/yathra/share/yathra/environment/ament_prefix_path.dsv
[0.368s] -- Up-to-date symlink: /home/jazz/Projects/Yathra_ROS2_Control/install/yathra/share/yathra/environment/path.sh
[0.369s] -- Up-to-date symlink: /home/jazz/Projects/Yathra_ROS2_Control/install/yathra/share/yathra/environment/path.dsv
[0.370s] -- Up-to-date symlink: /home/jazz/Projects/Yathra_ROS2_Control/install/yathra/share/yathra/local_setup.bash
[0.371s] -- Up-to-date symlink: /home/jazz/Projects/Yathra_ROS2_Control/install/yathra/share/yathra/local_setup.sh
[0.372s] -- Up-to-date symlink: /home/jazz/Projects/Yathra_ROS2_Control/install/yathra/share/yathra/local_setup.zsh
[0.374s] -- Up-to-date symlink: /home/jazz/Projects/Yathra_ROS2_Control/install/yathra/share/yathra/local_setup.dsv
[0.374s] -- Symlinking: /home/jazz/Projects/Yathra_ROS2_Control/install/yathra/share/yathra/package.dsv
[0.411s] -- Up-to-date symlink: /home/jazz/Projects/Yathra_ROS2_Control/install/yathra/share/ament_index/resource_index/packages/yathra
[0.412s] -- Up-to-date symlink: /home/jazz/Projects/Yathra_ROS2_Control/install/yathra/share/yathra/cmake/yathraConfig.cmake
[0.413s] -- Up-to-date symlink: /home/jazz/Projects/Yathra_ROS2_Control/install/yathra/share/yathra/cmake/yathraConfig-version.cmake
[0.416s] -- Up-to-date symlink: /home/jazz/Projects/Yathra_ROS2_Control/install/yathra/share/yathra/package.xml
[0.428s] Invoked command in '/home/jazz/Projects/Yathra_ROS2_Control/build/yathra' returned '0': CMAKE_PREFIX_PATH=${CMAKE_PREFIX_PATH}:/opt/ros/jazzy /usr/bin/cmake --install /home/jazz/Projects/Yathra_ROS2_Control/build/yathra
